CRITICAL - 2020-07-03 11:17:33 --> Call to undefined method CodeIgniter\Database\MySQLi\Connection::where()
#0 C:\xampp\htdocs\belajar\ci4\app\Controllers\Country.php(29): App\Models\CountryModel->getCountryDetail('C11900001')
#1 C:\xampp\htdocs\belajar\ci4\system\CodeIgniter.php(914): App\Controllers\Country->detail()
#2 C:\xampp\htdocs\belajar\ci4\system\CodeIgniter.php(400): CodeIgniter\CodeIgniter->runController(Object(App\Controllers\Country))
#3 C:\xampp\htdocs\belajar\ci4\system\CodeIgniter.php(308): CodeIgniter\CodeIgniter->handleRequest(NULL, Object(Config\Cache), false)
#4 C:\xampp\htdocs\belajar\ci4\public\index.php(45): CodeIgniter\CodeIgniter->run()
#5 C:\xampp\htdocs\belajar\ci4\system\Commands\Server\rewrite.php(34): require_once('C:\\xampp\\htdocs...')
#6 {main}
CRITICAL - 2020-07-03 11:17:47 --> Call to undefined method CodeIgniter\Database\MySQLi\Connection::where()
#0 C:\xampp\htdocs\belajar\ci4\app\Controllers\Country.php(29): App\Models\CountryModel->getCountryDetail('C11900001')
#1 C:\xampp\htdocs\belajar\ci4\system\CodeIgniter.php(914): App\Controllers\Country->detail()
#2 C:\xampp\htdocs\belajar\ci4\system\CodeIgniter.php(400): CodeIgniter\CodeIgniter->runController(Object(App\Controllers\Country))
#3 C:\xampp\htdocs\belajar\ci4\system\CodeIgniter.php(308): CodeIgniter\CodeIgniter->handleRequest(NULL, Object(Config\Cache), false)
#4 C:\xampp\htdocs\belajar\ci4\public\index.php(45): CodeIgniter\CodeIgniter->run()
#5 C:\xampp\htdocs\belajar\ci4\system\Commands\Server\rewrite.php(34): require_once('C:\\xampp\\htdocs...')
#6 {main}
CRITICAL - 2020-07-03 11:18:14 --> Call to undefined method CodeIgniter\Database\MySQLi\Connection::where()
#0 C:\xampp\htdocs\belajar\ci4\app\Controllers\Country.php(29): App\Models\CountryModel->getCountryDetail(NULL)
#1 C:\xampp\htdocs\belajar\ci4\system\CodeIgniter.php(914): App\Controllers\Country->detail()
#2 C:\xampp\htdocs\belajar\ci4\system\CodeIgniter.php(400): CodeIgniter\CodeIgniter->runController(Object(App\Controllers\Country))
#3 C:\xampp\htdocs\belajar\ci4\system\CodeIgniter.php(308): CodeIgniter\CodeIgniter->handleRequest(NULL, Object(Config\Cache), false)
#4 C:\xampp\htdocs\belajar\ci4\public\index.php(45): CodeIgniter\CodeIgniter->run()
#5 C:\xampp\htdocs\belajar\ci4\system\Commands\Server\rewrite.php(34): require_once('C:\\xampp\\htdocs...')
#6 {main}
CRITICAL - 2020-07-03 11:20:17 --> Call to undefined method CodeIgniter\Database\MySQLi\Connection::where()
#0 C:\xampp\htdocs\belajar\ci4\app\Controllers\Country.php(29): App\Models\CountryModel->getCountryDetail(NULL)
#1 C:\xampp\htdocs\belajar\ci4\system\CodeIgniter.php(914): App\Controllers\Country->detail('C11900001')
#2 C:\xampp\htdocs\belajar\ci4\system\CodeIgniter.php(400): CodeIgniter\CodeIgniter->runController(Object(App\Controllers\Country))
#3 C:\xampp\htdocs\belajar\ci4\system\CodeIgniter.php(308): CodeIgniter\CodeIgniter->handleRequest(NULL, Object(Config\Cache), false)
#4 C:\xampp\htdocs\belajar\ci4\public\index.php(45): CodeIgniter\CodeIgniter->run()
#5 C:\xampp\htdocs\belajar\ci4\system\Commands\Server\rewrite.php(34): require_once('C:\\xampp\\htdocs...')
#6 {main}
CRITICAL - 2020-07-03 11:20:32 --> Call to undefined method CodeIgniter\Database\MySQLi\Connection::where()
#0 C:\xampp\htdocs\belajar\ci4\app\Controllers\Country.php(29): App\Models\CountryModel->getCountryDetail('C11900001')
#1 C:\xampp\htdocs\belajar\ci4\system\CodeIgniter.php(914): App\Controllers\Country->detail('C11900001')
#2 C:\xampp\htdocs\belajar\ci4\system\CodeIgniter.php(400): CodeIgniter\CodeIgniter->runController(Object(App\Controllers\Country))
#3 C:\xampp\htdocs\belajar\ci4\system\CodeIgniter.php(308): CodeIgniter\CodeIgniter->handleRequest(NULL, Object(Config\Cache), false)
#4 C:\xampp\htdocs\belajar\ci4\public\index.php(45): CodeIgniter\CodeIgniter->run()
#5 C:\xampp\htdocs\belajar\ci4\system\Commands\Server\rewrite.php(34): require_once('C:\\xampp\\htdocs...')
#6 {main}
CRITICAL - 2020-07-03 11:23:04 --> Call to undefined method CodeIgniter\Database\MySQLi\Connection::from()
#0 C:\xampp\htdocs\belajar\ci4\app\Controllers\Country.php(29): App\Models\CountryModel->getCountryDetail('C11900001')
#1 C:\xampp\htdocs\belajar\ci4\system\CodeIgniter.php(914): App\Controllers\Country->detail('C11900001')
#2 C:\xampp\htdocs\belajar\ci4\system\CodeIgniter.php(400): CodeIgniter\CodeIgniter->runController(Object(App\Controllers\Country))
#3 C:\xampp\htdocs\belajar\ci4\system\CodeIgniter.php(308): CodeIgniter\CodeIgniter->handleRequest(NULL, Object(Config\Cache), false)
#4 C:\xampp\htdocs\belajar\ci4\public\index.php(45): CodeIgniter\CodeIgniter->run()
#5 C:\xampp\htdocs\belajar\ci4\system\Commands\Server\rewrite.php(34): require_once('C:\\xampp\\htdocs...')
#6 {main}
CRITICAL - 2020-07-03 11:27:32 --> Undefined property: stdClass::$currency_code
#0 C:\xampp\htdocs\belajar\ci4\app\Views\country\view_country_detail.php(45): CodeIgniter\Debug\Exceptions->errorHandler(8, 'Undefined prope...', 'C:\\xampp\\htdocs...', 45, Array)
#1 C:\xampp\htdocs\belajar\ci4\system\View\View.php(246): include('C:\\xampp\\htdocs...')
#2 C:\xampp\htdocs\belajar\ci4\system\Common.php(1087): CodeIgniter\View\View->render('country/view_co...', Array, true)
#3 C:\xampp\htdocs\belajar\ci4\app\Controllers\Country.php(31): view('country/view_co...', Array)
#4 C:\xampp\htdocs\belajar\ci4\system\CodeIgniter.php(914): App\Controllers\Country->detail('C11900001')
#5 C:\xampp\htdocs\belajar\ci4\system\CodeIgniter.php(400): CodeIgniter\CodeIgniter->runController(Object(App\Controllers\Country))
#6 C:\xampp\htdocs\belajar\ci4\system\CodeIgniter.php(308): CodeIgniter\CodeIgniter->handleRequest(NULL, Object(Config\Cache), false)
#7 C:\xampp\htdocs\belajar\ci4\public\index.php(45): CodeIgniter\CodeIgniter->run()
#8 C:\xampp\htdocs\belajar\ci4\system\Commands\Server\rewrite.php(34): require_once('C:\\xampp\\htdocs...')
#9 {main}
CRITICAL - 2020-07-03 11:29:01 --> Trying to get property 'country_alpha2_code' of non-object
#0 C:\xampp\htdocs\belajar\ci4\app\Views\country\view_country_detail.php(5): CodeIgniter\Debug\Exceptions->errorHandler(8, 'Trying to get p...', 'C:\\xampp\\htdocs...', 5, Array)
#1 C:\xampp\htdocs\belajar\ci4\system\View\View.php(246): include('C:\\xampp\\htdocs...')
#2 C:\xampp\htdocs\belajar\ci4\system\Common.php(1087): CodeIgniter\View\View->render('country/view_co...', Array, true)
#3 C:\xampp\htdocs\belajar\ci4\app\Controllers\Country.php(31): view('country/view_co...', Array)
#4 C:\xampp\htdocs\belajar\ci4\system\CodeIgniter.php(914): App\Controllers\Country->detail('C11900001')
#5 C:\xampp\htdocs\belajar\ci4\system\CodeIgniter.php(400): CodeIgniter\CodeIgniter->runController(Object(App\Controllers\Country))
#6 C:\xampp\htdocs\belajar\ci4\system\CodeIgniter.php(308): CodeIgniter\CodeIgniter->handleRequest(NULL, Object(Config\Cache), false)
#7 C:\xampp\htdocs\belajar\ci4\public\index.php(45): CodeIgniter\CodeIgniter->run()
#8 C:\xampp\htdocs\belajar\ci4\system\Commands\Server\rewrite.php(34): require_once('C:\\xampp\\htdocs...')
#9 {main}
CRITICAL - 2020-07-03 11:29:45 --> Trying to get property 'country_status' of non-object
#0 C:\xampp\htdocs\belajar\ci4\app\Views\country\view_country_detail.php(54): CodeIgniter\Debug\Exceptions->errorHandler(8, 'Trying to get p...', 'C:\\xampp\\htdocs...', 54, Array)
#1 C:\xampp\htdocs\belajar\ci4\system\View\View.php(246): include('C:\\xampp\\htdocs...')
#2 C:\xampp\htdocs\belajar\ci4\system\Common.php(1087): CodeIgniter\View\View->render('country/view_co...', Array, true)
#3 C:\xampp\htdocs\belajar\ci4\app\Controllers\Country.php(31): view('country/view_co...', Array)
#4 C:\xampp\htdocs\belajar\ci4\system\CodeIgniter.php(914): App\Controllers\Country->detail('C11900001')
#5 C:\xampp\htdocs\belajar\ci4\system\CodeIgniter.php(400): CodeIgniter\CodeIgniter->runController(Object(App\Controllers\Country))
#6 C:\xampp\htdocs\belajar\ci4\system\CodeIgniter.php(308): CodeIgniter\CodeIgniter->handleRequest(NULL, Object(Config\Cache), false)
#7 C:\xampp\htdocs\belajar\ci4\public\index.php(45): CodeIgniter\CodeIgniter->run()
#8 C:\xampp\htdocs\belajar\ci4\system\Commands\Server\rewrite.php(34): require_once('C:\\xampp\\htdocs...')
#9 {main}
