CRITICAL - 2020-07-09 09:32:24 --> Undefined variable: error
#0 C:\xampp\htdocs\belajar\ci4\app\Views\country\form_add_country.php(48): CodeIgniter\Debug\Exceptions->errorHandler(8, 'Undefined varia...', 'C:\\xampp\\htdocs...', 48, Array)
#1 C:\xampp\htdocs\belajar\ci4\system\View\View.php(246): include('C:\\xampp\\htdocs...')
#2 C:\xampp\htdocs\belajar\ci4\system\Common.php(1087): CodeIgniter\View\View->render('country/form_ad...', Array, true)
#3 C:\xampp\htdocs\belajar\ci4\app\Controllers\Country.php(39): view('country/form_ad...')
#4 C:\xampp\htdocs\belajar\ci4\system\CodeIgniter.php(914): App\Controllers\Country->add()
#5 C:\xampp\htdocs\belajar\ci4\system\CodeIgniter.php(400): CodeIgniter\CodeIgniter->runController(Object(App\Controllers\Country))
#6 C:\xampp\htdocs\belajar\ci4\system\CodeIgniter.php(308): CodeIgniter\CodeIgniter->handleRequest(NULL, Object(Config\Cache), false)
#7 C:\xampp\htdocs\belajar\ci4\public\index.php(45): CodeIgniter\CodeIgniter->run()
#8 C:\xampp\htdocs\belajar\ci4\system\Commands\Server\rewrite.php(34): require_once('C:\\xampp\\htdocs...')
#9 {main}
CRITICAL - 2020-07-09 10:40:42 --> Undefined property: CodeIgniter\View\View::$uri
#0 C:\xampp\htdocs\belajar\ci4\app\Views\country\form_add_country.php(128): CodeIgniter\Debug\Exceptions->errorHandler(8, 'Undefined prope...', 'C:\\xampp\\htdocs...', 128, Array)
#1 C:\xampp\htdocs\belajar\ci4\system\View\View.php(246): include('C:\\xampp\\htdocs...')
#2 C:\xampp\htdocs\belajar\ci4\system\Common.php(1087): CodeIgniter\View\View->render('country/form_ad...', Array, true)
#3 C:\xampp\htdocs\belajar\ci4\app\Controllers\Country.php(41): view('country/form_ad...', Array)
#4 C:\xampp\htdocs\belajar\ci4\system\CodeIgniter.php(914): App\Controllers\Country->add()
#5 C:\xampp\htdocs\belajar\ci4\system\CodeIgniter.php(400): CodeIgniter\CodeIgniter->runController(Object(App\Controllers\Country))
#6 C:\xampp\htdocs\belajar\ci4\system\CodeIgniter.php(308): CodeIgniter\CodeIgniter->handleRequest(NULL, Object(Config\Cache), false)
#7 C:\xampp\htdocs\belajar\ci4\public\index.php(45): CodeIgniter\CodeIgniter->run()
#8 C:\xampp\htdocs\belajar\ci4\system\Commands\Server\rewrite.php(34): require_once('C:\\xampp\\htdocs...')
#9 {main}
CRITICAL - 2020-07-09 12:58:47 --> Undefined property: App\Controllers\Country::$form_validation
#0 C:\xampp\htdocs\belajar\ci4\app\Controllers\Country.php(40): CodeIgniter\Debug\Exceptions->errorHandler(8, 'Undefined prope...', 'C:\\xampp\\htdocs...', 40, Array)
#1 C:\xampp\htdocs\belajar\ci4\system\CodeIgniter.php(914): App\Controllers\Country->add()
#2 C:\xampp\htdocs\belajar\ci4\system\CodeIgniter.php(400): CodeIgniter\CodeIgniter->runController(Object(App\Controllers\Country))
#3 C:\xampp\htdocs\belajar\ci4\system\CodeIgniter.php(308): CodeIgniter\CodeIgniter->handleRequest(NULL, Object(Config\Cache), false)
#4 C:\xampp\htdocs\belajar\ci4\public\index.php(45): CodeIgniter\CodeIgniter->run()
#5 C:\xampp\htdocs\belajar\ci4\system\Commands\Server\rewrite.php(34): require_once('C:\\xampp\\htdocs...')
#6 {main}
CRITICAL - 2020-07-09 13:04:54 --> Undefined variable: validation
#0 C:\xampp\htdocs\belajar\ci4\app\Views\country\form_add_country.php(28): CodeIgniter\Debug\Exceptions->errorHandler(8, 'Undefined varia...', 'C:\\xampp\\htdocs...', 28, Array)
#1 C:\xampp\htdocs\belajar\ci4\system\View\View.php(246): include('C:\\xampp\\htdocs...')
#2 C:\xampp\htdocs\belajar\ci4\system\Common.php(1087): CodeIgniter\View\View->render('country/form_ad...', Array, true)
#3 C:\xampp\htdocs\belajar\ci4\app\Controllers\Country.php(52): view('country/form_ad...', Array)
#4 C:\xampp\htdocs\belajar\ci4\system\CodeIgniter.php(914): App\Controllers\Country->add()
#5 C:\xampp\htdocs\belajar\ci4\system\CodeIgniter.php(400): CodeIgniter\CodeIgniter->runController(Object(App\Controllers\Country))
#6 C:\xampp\htdocs\belajar\ci4\system\CodeIgniter.php(308): CodeIgniter\CodeIgniter->handleRequest(NULL, Object(Config\Cache), false)
#7 C:\xampp\htdocs\belajar\ci4\public\index.php(45): CodeIgniter\CodeIgniter->run()
#8 C:\xampp\htdocs\belajar\ci4\system\Commands\Server\rewrite.php(34): require_once('C:\\xampp\\htdocs...')
#9 {main}
CRITICAL - 2020-07-09 13:15:32 --> Call to undefined function form_error()
#0 C:\xampp\htdocs\belajar\ci4\system\View\View.php(246): include()
#1 C:\xampp\htdocs\belajar\ci4\system\Common.php(1087): CodeIgniter\View\View->render('country/form_ad...', Array, true)
#2 C:\xampp\htdocs\belajar\ci4\app\Controllers\Country.php(52): view('country/form_ad...', Array)
#3 C:\xampp\htdocs\belajar\ci4\system\CodeIgniter.php(914): App\Controllers\Country->add()
#4 C:\xampp\htdocs\belajar\ci4\system\CodeIgniter.php(400): CodeIgniter\CodeIgniter->runController(Object(App\Controllers\Country))
#5 C:\xampp\htdocs\belajar\ci4\system\CodeIgniter.php(308): CodeIgniter\CodeIgniter->handleRequest(NULL, Object(Config\Cache), false)
#6 C:\xampp\htdocs\belajar\ci4\public\index.php(45): CodeIgniter\CodeIgniter->run()
#7 C:\xampp\htdocs\belajar\ci4\system\Commands\Server\rewrite.php(34): require_once('C:\\xampp\\htdocs...')
#8 {main}
CRITICAL - 2020-07-09 13:15:37 --> Call to undefined function form_error()
#0 C:\xampp\htdocs\belajar\ci4\system\View\View.php(246): include()
#1 C:\xampp\htdocs\belajar\ci4\system\Common.php(1087): CodeIgniter\View\View->render('country/form_ad...', Array, true)
#2 C:\xampp\htdocs\belajar\ci4\app\Controllers\Country.php(52): view('country/form_ad...', Array)
#3 C:\xampp\htdocs\belajar\ci4\system\CodeIgniter.php(914): App\Controllers\Country->add()
#4 C:\xampp\htdocs\belajar\ci4\system\CodeIgniter.php(400): CodeIgniter\CodeIgniter->runController(Object(App\Controllers\Country))
#5 C:\xampp\htdocs\belajar\ci4\system\CodeIgniter.php(308): CodeIgniter\CodeIgniter->handleRequest(NULL, Object(Config\Cache), false)
#6 C:\xampp\htdocs\belajar\ci4\public\index.php(45): CodeIgniter\CodeIgniter->run()
#7 C:\xampp\htdocs\belajar\ci4\system\Commands\Server\rewrite.php(34): require_once('C:\\xampp\\htdocs...')
#8 {main}
CRITICAL - 2020-07-09 13:22:39 --> Call to undefined function formError()
#0 C:\xampp\htdocs\belajar\ci4\system\View\View.php(246): include()
#1 C:\xampp\htdocs\belajar\ci4\system\Common.php(1087): CodeIgniter\View\View->render('country/form_ad...', Array, true)
#2 C:\xampp\htdocs\belajar\ci4\app\Controllers\Country.php(53): view('country/form_ad...', Array)
#3 C:\xampp\htdocs\belajar\ci4\system\CodeIgniter.php(914): App\Controllers\Country->add()
#4 C:\xampp\htdocs\belajar\ci4\system\CodeIgniter.php(400): CodeIgniter\CodeIgniter->runController(Object(App\Controllers\Country))
#5 C:\xampp\htdocs\belajar\ci4\system\CodeIgniter.php(308): CodeIgniter\CodeIgniter->handleRequest(NULL, Object(Config\Cache), false)
#6 C:\xampp\htdocs\belajar\ci4\public\index.php(45): CodeIgniter\CodeIgniter->run()
#7 C:\xampp\htdocs\belajar\ci4\system\Commands\Server\rewrite.php(34): require_once('C:\\xampp\\htdocs...')
#8 {main}
CRITICAL - 2020-07-09 13:22:43 --> Call to undefined function formError()
#0 C:\xampp\htdocs\belajar\ci4\system\View\View.php(246): include()
#1 C:\xampp\htdocs\belajar\ci4\system\Common.php(1087): CodeIgniter\View\View->render('country/form_ad...', Array, true)
#2 C:\xampp\htdocs\belajar\ci4\app\Controllers\Country.php(53): view('country/form_ad...', Array)
#3 C:\xampp\htdocs\belajar\ci4\system\CodeIgniter.php(914): App\Controllers\Country->add()
#4 C:\xampp\htdocs\belajar\ci4\system\CodeIgniter.php(400): CodeIgniter\CodeIgniter->runController(Object(App\Controllers\Country))
#5 C:\xampp\htdocs\belajar\ci4\system\CodeIgniter.php(308): CodeIgniter\CodeIgniter->handleRequest(NULL, Object(Config\Cache), false)
#6 C:\xampp\htdocs\belajar\ci4\public\index.php(45): CodeIgniter\CodeIgniter->run()
#7 C:\xampp\htdocs\belajar\ci4\system\Commands\Server\rewrite.php(34): require_once('C:\\xampp\\htdocs...')
#8 {main}
CRITICAL - 2020-07-09 13:26:20 --> Array to string conversion
#0 C:\xampp\htdocs\belajar\ci4\app\Views\country\form_add_country.php(37): CodeIgniter\Debug\Exceptions->errorHandler(8, 'Array to string...', 'C:\\xampp\\htdocs...', 37, Array)
#1 C:\xampp\htdocs\belajar\ci4\system\View\View.php(246): include('C:\\xampp\\htdocs...')
#2 C:\xampp\htdocs\belajar\ci4\system\Common.php(1087): CodeIgniter\View\View->render('country/form_ad...', Array, true)
#3 C:\xampp\htdocs\belajar\ci4\app\Controllers\Country.php(53): view('country/form_ad...', Array)
#4 C:\xampp\htdocs\belajar\ci4\system\CodeIgniter.php(914): App\Controllers\Country->add()
#5 C:\xampp\htdocs\belajar\ci4\system\CodeIgniter.php(400): CodeIgniter\CodeIgniter->runController(Object(App\Controllers\Country))
#6 C:\xampp\htdocs\belajar\ci4\system\CodeIgniter.php(308): CodeIgniter\CodeIgniter->handleRequest(NULL, Object(Config\Cache), false)
#7 C:\xampp\htdocs\belajar\ci4\public\index.php(45): CodeIgniter\CodeIgniter->run()
#8 C:\xampp\htdocs\belajar\ci4\system\Commands\Server\rewrite.php(34): require_once('C:\\xampp\\htdocs...')
#9 {main}
CRITICAL - 2020-07-09 13:28:33 --> Undefined property: CodeIgniter\View\View::$validator
#0 C:\xampp\htdocs\belajar\ci4\app\Views\country\form_add_country.php(37): CodeIgniter\Debug\Exceptions->errorHandler(8, 'Undefined prope...', 'C:\\xampp\\htdocs...', 37, Array)
#1 C:\xampp\htdocs\belajar\ci4\system\View\View.php(246): include('C:\\xampp\\htdocs...')
#2 C:\xampp\htdocs\belajar\ci4\system\Common.php(1087): CodeIgniter\View\View->render('country/form_ad...', Array, true)
#3 C:\xampp\htdocs\belajar\ci4\app\Controllers\Country.php(53): view('country/form_ad...', Array)
#4 C:\xampp\htdocs\belajar\ci4\system\CodeIgniter.php(914): App\Controllers\Country->add()
#5 C:\xampp\htdocs\belajar\ci4\system\CodeIgniter.php(400): CodeIgniter\CodeIgniter->runController(Object(App\Controllers\Country))
#6 C:\xampp\htdocs\belajar\ci4\system\CodeIgniter.php(308): CodeIgniter\CodeIgniter->handleRequest(NULL, Object(Config\Cache), false)
#7 C:\xampp\htdocs\belajar\ci4\public\index.php(45): CodeIgniter\CodeIgniter->run()
#8 C:\xampp\htdocs\belajar\ci4\system\Commands\Server\rewrite.php(34): require_once('C:\\xampp\\htdocs...')
#9 {main}
CRITICAL - 2020-07-09 13:28:36 --> Undefined property: CodeIgniter\View\View::$validator
#0 C:\xampp\htdocs\belajar\ci4\app\Views\country\form_add_country.php(37): CodeIgniter\Debug\Exceptions->errorHandler(8, 'Undefined prope...', 'C:\\xampp\\htdocs...', 37, Array)
#1 C:\xampp\htdocs\belajar\ci4\system\View\View.php(246): include('C:\\xampp\\htdocs...')
#2 C:\xampp\htdocs\belajar\ci4\system\Common.php(1087): CodeIgniter\View\View->render('country/form_ad...', Array, true)
#3 C:\xampp\htdocs\belajar\ci4\app\Controllers\Country.php(53): view('country/form_ad...', Array)
#4 C:\xampp\htdocs\belajar\ci4\system\CodeIgniter.php(914): App\Controllers\Country->add()
#5 C:\xampp\htdocs\belajar\ci4\system\CodeIgniter.php(400): CodeIgniter\CodeIgniter->runController(Object(App\Controllers\Country))
#6 C:\xampp\htdocs\belajar\ci4\system\CodeIgniter.php(308): CodeIgniter\CodeIgniter->handleRequest(NULL, Object(Config\Cache), false)
#7 C:\xampp\htdocs\belajar\ci4\public\index.php(45): CodeIgniter\CodeIgniter->run()
#8 C:\xampp\htdocs\belajar\ci4\system\Commands\Server\rewrite.php(34): require_once('C:\\xampp\\htdocs...')
#9 {main}
CRITICAL - 2020-07-09 13:29:24 --> Undefined property: App\Controllers\Country::$validate
#0 C:\xampp\htdocs\belajar\ci4\app\Controllers\Country.php(50): CodeIgniter\Debug\Exceptions->errorHandler(8, 'Undefined prope...', 'C:\\xampp\\htdocs...', 50, Array)
#1 C:\xampp\htdocs\belajar\ci4\system\CodeIgniter.php(914): App\Controllers\Country->add()
#2 C:\xampp\htdocs\belajar\ci4\system\CodeIgniter.php(400): CodeIgniter\CodeIgniter->runController(Object(App\Controllers\Country))
#3 C:\xampp\htdocs\belajar\ci4\system\CodeIgniter.php(308): CodeIgniter\CodeIgniter->handleRequest(NULL, Object(Config\Cache), false)
#4 C:\xampp\htdocs\belajar\ci4\public\index.php(45): CodeIgniter\CodeIgniter->run()
#5 C:\xampp\htdocs\belajar\ci4\system\Commands\Server\rewrite.php(34): require_once('C:\\xampp\\htdocs...')
#6 {main}
CRITICAL - 2020-07-09 13:30:12 --> Undefined property: CodeIgniter\View\View::$validator
#0 C:\xampp\htdocs\belajar\ci4\app\Views\country\form_add_country.php(37): CodeIgniter\Debug\Exceptions->errorHandler(8, 'Undefined prope...', 'C:\\xampp\\htdocs...', 37, Array)
#1 C:\xampp\htdocs\belajar\ci4\system\View\View.php(246): include('C:\\xampp\\htdocs...')
#2 C:\xampp\htdocs\belajar\ci4\system\Common.php(1087): CodeIgniter\View\View->render('country/form_ad...', Array, true)
#3 C:\xampp\htdocs\belajar\ci4\app\Controllers\Country.php(53): view('country/form_ad...', Array)
#4 C:\xampp\htdocs\belajar\ci4\system\CodeIgniter.php(914): App\Controllers\Country->add()
#5 C:\xampp\htdocs\belajar\ci4\system\CodeIgniter.php(400): CodeIgniter\CodeIgniter->runController(Object(App\Controllers\Country))
#6 C:\xampp\htdocs\belajar\ci4\system\CodeIgniter.php(308): CodeIgniter\CodeIgniter->handleRequest(NULL, Object(Config\Cache), false)
#7 C:\xampp\htdocs\belajar\ci4\public\index.php(45): CodeIgniter\CodeIgniter->run()
#8 C:\xampp\htdocs\belajar\ci4\system\Commands\Server\rewrite.php(34): require_once('C:\\xampp\\htdocs...')
#9 {main}
CRITICAL - 2020-07-09 15:23:27 --> Undefined variable: request
#0 C:\xampp\htdocs\belajar\ci4\app\Views\country\form_add_country.php(35): CodeIgniter\Debug\Exceptions->errorHandler(8, 'Undefined varia...', 'C:\\xampp\\htdocs...', 35, Array)
#1 C:\xampp\htdocs\belajar\ci4\system\View\View.php(246): include('C:\\xampp\\htdocs...')
#2 C:\xampp\htdocs\belajar\ci4\system\Common.php(1087): CodeIgniter\View\View->render('country/form_ad...', Array, true)
#3 C:\xampp\htdocs\belajar\ci4\app\Controllers\Country.php(52): view('country/form_ad...', Array)
#4 C:\xampp\htdocs\belajar\ci4\system\CodeIgniter.php(914): App\Controllers\Country->add()
#5 C:\xampp\htdocs\belajar\ci4\system\CodeIgniter.php(400): CodeIgniter\CodeIgniter->runController(Object(App\Controllers\Country))
#6 C:\xampp\htdocs\belajar\ci4\system\CodeIgniter.php(308): CodeIgniter\CodeIgniter->handleRequest(NULL, Object(Config\Cache), false)
#7 C:\xampp\htdocs\belajar\ci4\public\index.php(45): CodeIgniter\CodeIgniter->run()
#8 C:\xampp\htdocs\belajar\ci4\system\Commands\Server\rewrite.php(34): require_once('C:\\xampp\\htdocs...')
#9 {main}
CRITICAL - 2020-07-09 15:24:11 --> Undefined property: CodeIgniter\View\View::$request
#0 C:\xampp\htdocs\belajar\ci4\app\Views\country\form_add_country.php(35): CodeIgniter\Debug\Exceptions->errorHandler(8, 'Undefined prope...', 'C:\\xampp\\htdocs...', 35, Array)
#1 C:\xampp\htdocs\belajar\ci4\system\View\View.php(246): include('C:\\xampp\\htdocs...')
#2 C:\xampp\htdocs\belajar\ci4\system\Common.php(1087): CodeIgniter\View\View->render('country/form_ad...', Array, true)
#3 C:\xampp\htdocs\belajar\ci4\app\Controllers\Country.php(52): view('country/form_ad...', Array)
#4 C:\xampp\htdocs\belajar\ci4\system\CodeIgniter.php(914): App\Controllers\Country->add()
#5 C:\xampp\htdocs\belajar\ci4\system\CodeIgniter.php(400): CodeIgniter\CodeIgniter->runController(Object(App\Controllers\Country))
#6 C:\xampp\htdocs\belajar\ci4\system\CodeIgniter.php(308): CodeIgniter\CodeIgniter->handleRequest(NULL, Object(Config\Cache), false)
#7 C:\xampp\htdocs\belajar\ci4\public\index.php(45): CodeIgniter\CodeIgniter->run()
#8 C:\xampp\htdocs\belajar\ci4\system\Commands\Server\rewrite.php(34): require_once('C:\\xampp\\htdocs...')
#9 {main}
CRITICAL - 2020-07-09 15:24:37 --> Undefined property: CodeIgniter\View\View::$request
#0 C:\xampp\htdocs\belajar\ci4\app\Views\country\form_add_country.php(35): CodeIgniter\Debug\Exceptions->errorHandler(8, 'Undefined prope...', 'C:\\xampp\\htdocs...', 35, Array)
#1 C:\xampp\htdocs\belajar\ci4\system\View\View.php(246): include('C:\\xampp\\htdocs...')
#2 C:\xampp\htdocs\belajar\ci4\system\Common.php(1087): CodeIgniter\View\View->render('country/form_ad...', Array, true)
#3 C:\xampp\htdocs\belajar\ci4\app\Controllers\Country.php(52): view('country/form_ad...', Array)
#4 C:\xampp\htdocs\belajar\ci4\system\CodeIgniter.php(914): App\Controllers\Country->add()
#5 C:\xampp\htdocs\belajar\ci4\system\CodeIgniter.php(400): CodeIgniter\CodeIgniter->runController(Object(App\Controllers\Country))
#6 C:\xampp\htdocs\belajar\ci4\system\CodeIgniter.php(308): CodeIgniter\CodeIgniter->handleRequest(NULL, Object(Config\Cache), false)
#7 C:\xampp\htdocs\belajar\ci4\public\index.php(45): CodeIgniter\CodeIgniter->run()
#8 C:\xampp\htdocs\belajar\ci4\system\Commands\Server\rewrite.php(34): require_once('C:\\xampp\\htdocs...')
#9 {main}
CRITICAL - 2020-07-09 15:55:02 --> Undefined index: country_alpha2_code
#0 C:\xampp\htdocs\belajar\ci4\app\Views\country\form_add_country.php(35): CodeIgniter\Debug\Exceptions->errorHandler(8, 'Undefined index...', 'C:\\xampp\\htdocs...', 35, Array)
#1 C:\xampp\htdocs\belajar\ci4\system\View\View.php(246): include('C:\\xampp\\htdocs...')
#2 C:\xampp\htdocs\belajar\ci4\system\Common.php(1087): CodeIgniter\View\View->render('country/form_ad...', Array, true)
#3 C:\xampp\htdocs\belajar\ci4\app\Controllers\Country.php(52): view('country/form_ad...', Array)
#4 C:\xampp\htdocs\belajar\ci4\system\CodeIgniter.php(914): App\Controllers\Country->add()
#5 C:\xampp\htdocs\belajar\ci4\system\CodeIgniter.php(400): CodeIgniter\CodeIgniter->runController(Object(App\Controllers\Country))
#6 C:\xampp\htdocs\belajar\ci4\system\CodeIgniter.php(308): CodeIgniter\CodeIgniter->handleRequest(NULL, Object(Config\Cache), false)
#7 C:\xampp\htdocs\belajar\ci4\public\index.php(45): CodeIgniter\CodeIgniter->run()
#8 C:\xampp\htdocs\belajar\ci4\system\Commands\Server\rewrite.php(34): require_once('C:\\xampp\\htdocs...')
#9 {main}
CRITICAL - 2020-07-09 15:55:17 --> Undefined index: country_alpha2_code
#0 C:\xampp\htdocs\belajar\ci4\app\Views\country\form_add_country.php(35): CodeIgniter\Debug\Exceptions->errorHandler(8, 'Undefined index...', 'C:\\xampp\\htdocs...', 35, Array)
#1 C:\xampp\htdocs\belajar\ci4\system\View\View.php(246): include('C:\\xampp\\htdocs...')
#2 C:\xampp\htdocs\belajar\ci4\system\Common.php(1087): CodeIgniter\View\View->render('country/form_ad...', Array, true)
#3 C:\xampp\htdocs\belajar\ci4\app\Controllers\Country.php(52): view('country/form_ad...', Array)
#4 C:\xampp\htdocs\belajar\ci4\system\CodeIgniter.php(914): App\Controllers\Country->add()
#5 C:\xampp\htdocs\belajar\ci4\system\CodeIgniter.php(400): CodeIgniter\CodeIgniter->runController(Object(App\Controllers\Country))
#6 C:\xampp\htdocs\belajar\ci4\system\CodeIgniter.php(308): CodeIgniter\CodeIgniter->handleRequest(NULL, Object(Config\Cache), false)
#7 C:\xampp\htdocs\belajar\ci4\public\index.php(45): CodeIgniter\CodeIgniter->run()
#8 C:\xampp\htdocs\belajar\ci4\system\Commands\Server\rewrite.php(34): require_once('C:\\xampp\\htdocs...')
#9 {main}
CRITICAL - 2020-07-09 15:55:40 --> Undefined index: country_alpha2_code
#0 C:\xampp\htdocs\belajar\ci4\app\Views\country\form_add_country.php(35): CodeIgniter\Debug\Exceptions->errorHandler(8, 'Undefined index...', 'C:\\xampp\\htdocs...', 35, Array)
#1 C:\xampp\htdocs\belajar\ci4\system\View\View.php(246): include('C:\\xampp\\htdocs...')
#2 C:\xampp\htdocs\belajar\ci4\system\Common.php(1087): CodeIgniter\View\View->render('country/form_ad...', Array, true)
#3 C:\xampp\htdocs\belajar\ci4\app\Controllers\Country.php(52): view('country/form_ad...', Array)
#4 C:\xampp\htdocs\belajar\ci4\system\CodeIgniter.php(914): App\Controllers\Country->add()
#5 C:\xampp\htdocs\belajar\ci4\system\CodeIgniter.php(400): CodeIgniter\CodeIgniter->runController(Object(App\Controllers\Country))
#6 C:\xampp\htdocs\belajar\ci4\system\CodeIgniter.php(308): CodeIgniter\CodeIgniter->handleRequest(NULL, Object(Config\Cache), false)
#7 C:\xampp\htdocs\belajar\ci4\public\index.php(45): CodeIgniter\CodeIgniter->run()
#8 C:\xampp\htdocs\belajar\ci4\system\Commands\Server\rewrite.php(34): require_once('C:\\xampp\\htdocs...')
#9 {main}
CRITICAL - 2020-07-09 15:57:17 --> Undefined index: country_alpha2_code
#0 C:\xampp\htdocs\belajar\ci4\app\Views\country\form_add_country.php(35): CodeIgniter\Debug\Exceptions->errorHandler(8, 'Undefined index...', 'C:\\xampp\\htdocs...', 35, Array)
#1 C:\xampp\htdocs\belajar\ci4\system\View\View.php(246): include('C:\\xampp\\htdocs...')
#2 C:\xampp\htdocs\belajar\ci4\system\Common.php(1087): CodeIgniter\View\View->render('country/form_ad...', Array, true)
#3 C:\xampp\htdocs\belajar\ci4\app\Controllers\Country.php(52): view('country/form_ad...', Array)
#4 C:\xampp\htdocs\belajar\ci4\system\CodeIgniter.php(914): App\Controllers\Country->add()
#5 C:\xampp\htdocs\belajar\ci4\system\CodeIgniter.php(400): CodeIgniter\CodeIgniter->runController(Object(App\Controllers\Country))
#6 C:\xampp\htdocs\belajar\ci4\system\CodeIgniter.php(308): CodeIgniter\CodeIgniter->handleRequest(NULL, Object(Config\Cache), false)
#7 C:\xampp\htdocs\belajar\ci4\public\index.php(45): CodeIgniter\CodeIgniter->run()
#8 C:\xampp\htdocs\belajar\ci4\system\Commands\Server\rewrite.php(34): require_once('C:\\xampp\\htdocs...')
#9 {main}
CRITICAL - 2020-07-09 15:57:18 --> Undefined index: country_alpha2_code
#0 C:\xampp\htdocs\belajar\ci4\app\Views\country\form_add_country.php(35): CodeIgniter\Debug\Exceptions->errorHandler(8, 'Undefined index...', 'C:\\xampp\\htdocs...', 35, Array)
#1 C:\xampp\htdocs\belajar\ci4\system\View\View.php(246): include('C:\\xampp\\htdocs...')
#2 C:\xampp\htdocs\belajar\ci4\system\Common.php(1087): CodeIgniter\View\View->render('country/form_ad...', Array, true)
#3 C:\xampp\htdocs\belajar\ci4\app\Controllers\Country.php(52): view('country/form_ad...', Array)
#4 C:\xampp\htdocs\belajar\ci4\system\CodeIgniter.php(914): App\Controllers\Country->add()
#5 C:\xampp\htdocs\belajar\ci4\system\CodeIgniter.php(400): CodeIgniter\CodeIgniter->runController(Object(App\Controllers\Country))
#6 C:\xampp\htdocs\belajar\ci4\system\CodeIgniter.php(308): CodeIgniter\CodeIgniter->handleRequest(NULL, Object(Config\Cache), false)
#7 C:\xampp\htdocs\belajar\ci4\public\index.php(45): CodeIgniter\CodeIgniter->run()
#8 C:\xampp\htdocs\belajar\ci4\system\Commands\Server\rewrite.php(34): require_once('C:\\xampp\\htdocs...')
#9 {main}
CRITICAL - 2020-07-09 15:58:47 --> Array to string conversion
#0 C:\xampp\htdocs\belajar\ci4\app\Views\country\form_add_country.php(25): CodeIgniter\Debug\Exceptions->errorHandler(8, 'Array to string...', 'C:\\xampp\\htdocs...', 25, Array)
#1 C:\xampp\htdocs\belajar\ci4\system\View\View.php(246): include('C:\\xampp\\htdocs...')
#2 C:\xampp\htdocs\belajar\ci4\system\Common.php(1087): CodeIgniter\View\View->render('country/form_ad...', Array, true)
#3 C:\xampp\htdocs\belajar\ci4\app\Controllers\Country.php(52): view('country/form_ad...', Array)
#4 C:\xampp\htdocs\belajar\ci4\system\CodeIgniter.php(914): App\Controllers\Country->add()
#5 C:\xampp\htdocs\belajar\ci4\system\CodeIgniter.php(400): CodeIgniter\CodeIgniter->runController(Object(App\Controllers\Country))
#6 C:\xampp\htdocs\belajar\ci4\system\CodeIgniter.php(308): CodeIgniter\CodeIgniter->handleRequest(NULL, Object(Config\Cache), false)
#7 C:\xampp\htdocs\belajar\ci4\public\index.php(45): CodeIgniter\CodeIgniter->run()
#8 C:\xampp\htdocs\belajar\ci4\system\Commands\Server\rewrite.php(34): require_once('C:\\xampp\\htdocs...')
#9 {main}
CRITICAL - 2020-07-09 15:58:55 --> Array to string conversion
#0 C:\xampp\htdocs\belajar\ci4\app\Views\country\form_add_country.php(25): CodeIgniter\Debug\Exceptions->errorHandler(8, 'Array to string...', 'C:\\xampp\\htdocs...', 25, Array)
#1 C:\xampp\htdocs\belajar\ci4\system\View\View.php(246): include('C:\\xampp\\htdocs...')
#2 C:\xampp\htdocs\belajar\ci4\system\Common.php(1087): CodeIgniter\View\View->render('country/form_ad...', Array, true)
#3 C:\xampp\htdocs\belajar\ci4\app\Controllers\Country.php(52): view('country/form_ad...', Array)
#4 C:\xampp\htdocs\belajar\ci4\system\CodeIgniter.php(914): App\Controllers\Country->add()
#5 C:\xampp\htdocs\belajar\ci4\system\CodeIgniter.php(400): CodeIgniter\CodeIgniter->runController(Object(App\Controllers\Country))
#6 C:\xampp\htdocs\belajar\ci4\system\CodeIgniter.php(308): CodeIgniter\CodeIgniter->handleRequest(NULL, Object(Config\Cache), false)
#7 C:\xampp\htdocs\belajar\ci4\public\index.php(45): CodeIgniter\CodeIgniter->run()
#8 C:\xampp\htdocs\belajar\ci4\system\Commands\Server\rewrite.php(34): require_once('C:\\xampp\\htdocs...')
#9 {main}
CRITICAL - 2020-07-09 15:59:01 --> Array to string conversion
#0 C:\xampp\htdocs\belajar\ci4\app\Views\country\form_add_country.php(25): CodeIgniter\Debug\Exceptions->errorHandler(8, 'Array to string...', 'C:\\xampp\\htdocs...', 25, Array)
#1 C:\xampp\htdocs\belajar\ci4\system\View\View.php(246): include('C:\\xampp\\htdocs...')
#2 C:\xampp\htdocs\belajar\ci4\system\Common.php(1087): CodeIgniter\View\View->render('country/form_ad...', Array, true)
#3 C:\xampp\htdocs\belajar\ci4\app\Controllers\Country.php(52): view('country/form_ad...', Array)
#4 C:\xampp\htdocs\belajar\ci4\system\CodeIgniter.php(914): App\Controllers\Country->add()
#5 C:\xampp\htdocs\belajar\ci4\system\CodeIgniter.php(400): CodeIgniter\CodeIgniter->runController(Object(App\Controllers\Country))
#6 C:\xampp\htdocs\belajar\ci4\system\CodeIgniter.php(308): CodeIgniter\CodeIgniter->handleRequest(NULL, Object(Config\Cache), false)
#7 C:\xampp\htdocs\belajar\ci4\public\index.php(45): CodeIgniter\CodeIgniter->run()
#8 C:\xampp\htdocs\belajar\ci4\system\Commands\Server\rewrite.php(34): require_once('C:\\xampp\\htdocs...')
#9 {main}
CRITICAL - 2020-07-09 16:01:58 --> Undefined property: CodeIgniter\View\View::$request
#0 C:\xampp\htdocs\belajar\ci4\app\Views\country\form_add_country.php(24): CodeIgniter\Debug\Exceptions->errorHandler(8, 'Undefined prope...', 'C:\\xampp\\htdocs...', 24, Array)
#1 C:\xampp\htdocs\belajar\ci4\system\View\View.php(246): include('C:\\xampp\\htdocs...')
#2 C:\xampp\htdocs\belajar\ci4\system\Common.php(1087): CodeIgniter\View\View->render('country/form_ad...', Array, true)
#3 C:\xampp\htdocs\belajar\ci4\app\Controllers\Country.php(52): view('country/form_ad...', Array)
#4 C:\xampp\htdocs\belajar\ci4\system\CodeIgniter.php(914): App\Controllers\Country->add()
#5 C:\xampp\htdocs\belajar\ci4\system\CodeIgniter.php(400): CodeIgniter\CodeIgniter->runController(Object(App\Controllers\Country))
#6 C:\xampp\htdocs\belajar\ci4\system\CodeIgniter.php(308): CodeIgniter\CodeIgniter->handleRequest(NULL, Object(Config\Cache), false)
#7 C:\xampp\htdocs\belajar\ci4\public\index.php(45): CodeIgniter\CodeIgniter->run()
#8 C:\xampp\htdocs\belajar\ci4\system\Commands\Server\rewrite.php(34): require_once('C:\\xampp\\htdocs...')
#9 {main}
CRITICAL - 2020-07-09 16:02:02 --> Undefined property: CodeIgniter\View\View::$request
#0 C:\xampp\htdocs\belajar\ci4\app\Views\country\form_add_country.php(24): CodeIgniter\Debug\Exceptions->errorHandler(8, 'Undefined prope...', 'C:\\xampp\\htdocs...', 24, Array)
#1 C:\xampp\htdocs\belajar\ci4\system\View\View.php(246): include('C:\\xampp\\htdocs...')
#2 C:\xampp\htdocs\belajar\ci4\system\Common.php(1087): CodeIgniter\View\View->render('country/form_ad...', Array, true)
#3 C:\xampp\htdocs\belajar\ci4\app\Controllers\Country.php(52): view('country/form_ad...', Array)
#4 C:\xampp\htdocs\belajar\ci4\system\CodeIgniter.php(914): App\Controllers\Country->add()
#5 C:\xampp\htdocs\belajar\ci4\system\CodeIgniter.php(400): CodeIgniter\CodeIgniter->runController(Object(App\Controllers\Country))
#6 C:\xampp\htdocs\belajar\ci4\system\CodeIgniter.php(308): CodeIgniter\CodeIgniter->handleRequest(NULL, Object(Config\Cache), false)
#7 C:\xampp\htdocs\belajar\ci4\public\index.php(45): CodeIgniter\CodeIgniter->run()
#8 C:\xampp\htdocs\belajar\ci4\system\Commands\Server\rewrite.php(34): require_once('C:\\xampp\\htdocs...')
#9 {main}
CRITICAL - 2020-07-09 16:04:58 --> Undefined property: CodeIgniter\View\View::$request
#0 C:\xampp\htdocs\belajar\ci4\app\Views\country\form_add_country.php(24): CodeIgniter\Debug\Exceptions->errorHandler(8, 'Undefined prope...', 'C:\\xampp\\htdocs...', 24, Array)
#1 C:\xampp\htdocs\belajar\ci4\system\View\View.php(246): include('C:\\xampp\\htdocs...')
#2 C:\xampp\htdocs\belajar\ci4\system\Common.php(1087): CodeIgniter\View\View->render('country/form_ad...', Array, true)
#3 C:\xampp\htdocs\belajar\ci4\app\Controllers\Country.php(52): view('country/form_ad...', Array)
#4 C:\xampp\htdocs\belajar\ci4\system\CodeIgniter.php(914): App\Controllers\Country->add()
#5 C:\xampp\htdocs\belajar\ci4\system\CodeIgniter.php(400): CodeIgniter\CodeIgniter->runController(Object(App\Controllers\Country))
#6 C:\xampp\htdocs\belajar\ci4\system\CodeIgniter.php(308): CodeIgniter\CodeIgniter->handleRequest(NULL, Object(Config\Cache), false)
#7 C:\xampp\htdocs\belajar\ci4\public\index.php(45): CodeIgniter\CodeIgniter->run()
#8 C:\xampp\htdocs\belajar\ci4\system\Commands\Server\rewrite.php(34): require_once('C:\\xampp\\htdocs...')
#9 {main}
CRITICAL - 2020-07-09 16:05:01 --> Undefined property: CodeIgniter\View\View::$request
#0 C:\xampp\htdocs\belajar\ci4\app\Views\country\form_add_country.php(24): CodeIgniter\Debug\Exceptions->errorHandler(8, 'Undefined prope...', 'C:\\xampp\\htdocs...', 24, Array)
#1 C:\xampp\htdocs\belajar\ci4\system\View\View.php(246): include('C:\\xampp\\htdocs...')
#2 C:\xampp\htdocs\belajar\ci4\system\Common.php(1087): CodeIgniter\View\View->render('country/form_ad...', Array, true)
#3 C:\xampp\htdocs\belajar\ci4\app\Controllers\Country.php(52): view('country/form_ad...', Array)
#4 C:\xampp\htdocs\belajar\ci4\system\CodeIgniter.php(914): App\Controllers\Country->add()
#5 C:\xampp\htdocs\belajar\ci4\system\CodeIgniter.php(400): CodeIgniter\CodeIgniter->runController(Object(App\Controllers\Country))
#6 C:\xampp\htdocs\belajar\ci4\system\CodeIgniter.php(308): CodeIgniter\CodeIgniter->handleRequest(NULL, Object(Config\Cache), false)
#7 C:\xampp\htdocs\belajar\ci4\public\index.php(45): CodeIgniter\CodeIgniter->run()
#8 C:\xampp\htdocs\belajar\ci4\system\Commands\Server\rewrite.php(34): require_once('C:\\xampp\\htdocs...')
#9 {main}
CRITICAL - 2020-07-09 16:05:23 --> syntax error, unexpected '='
#0 C:\xampp\htdocs\belajar\ci4\system\Common.php(1087): CodeIgniter\View\View->render('country/form_ad...', Array, true)
#1 C:\xampp\htdocs\belajar\ci4\app\Controllers\Country.php(52): view('country/form_ad...', Array)
#2 C:\xampp\htdocs\belajar\ci4\system\CodeIgniter.php(914): App\Controllers\Country->add()
#3 C:\xampp\htdocs\belajar\ci4\system\CodeIgniter.php(400): CodeIgniter\CodeIgniter->runController(Object(App\Controllers\Country))
#4 C:\xampp\htdocs\belajar\ci4\system\CodeIgniter.php(308): CodeIgniter\CodeIgniter->handleRequest(NULL, Object(Config\Cache), false)
#5 C:\xampp\htdocs\belajar\ci4\public\index.php(45): CodeIgniter\CodeIgniter->run()
#6 C:\xampp\htdocs\belajar\ci4\system\Commands\Server\rewrite.php(34): require_once('C:\\xampp\\htdocs...')
#7 {main}
CRITICAL - 2020-07-09 16:05:26 --> syntax error, unexpected '='
#0 C:\xampp\htdocs\belajar\ci4\system\Common.php(1087): CodeIgniter\View\View->render('country/form_ad...', Array, true)
#1 C:\xampp\htdocs\belajar\ci4\app\Controllers\Country.php(52): view('country/form_ad...', Array)
#2 C:\xampp\htdocs\belajar\ci4\system\CodeIgniter.php(914): App\Controllers\Country->add()
#3 C:\xampp\htdocs\belajar\ci4\system\CodeIgniter.php(400): CodeIgniter\CodeIgniter->runController(Object(App\Controllers\Country))
#4 C:\xampp\htdocs\belajar\ci4\system\CodeIgniter.php(308): CodeIgniter\CodeIgniter->handleRequest(NULL, Object(Config\Cache), false)
#5 C:\xampp\htdocs\belajar\ci4\public\index.php(45): CodeIgniter\CodeIgniter->run()
#6 C:\xampp\htdocs\belajar\ci4\system\Commands\Server\rewrite.php(34): require_once('C:\\xampp\\htdocs...')
#7 {main}
CRITICAL - 2020-07-09 16:06:21 --> Undefined variable: language_id
#0 C:\xampp\htdocs\belajar\ci4\app\Views\country\form_add_country.php(166): CodeIgniter\Debug\Exceptions->errorHandler(8, 'Undefined varia...', 'C:\\xampp\\htdocs...', 166, Array)
#1 C:\xampp\htdocs\belajar\ci4\system\View\View.php(246): include('C:\\xampp\\htdocs...')
#2 C:\xampp\htdocs\belajar\ci4\system\Common.php(1087): CodeIgniter\View\View->render('country/form_ad...', Array, true)
#3 C:\xampp\htdocs\belajar\ci4\app\Controllers\Country.php(52): view('country/form_ad...', Array)
#4 C:\xampp\htdocs\belajar\ci4\system\CodeIgniter.php(914): App\Controllers\Country->add()
#5 C:\xampp\htdocs\belajar\ci4\system\CodeIgniter.php(400): CodeIgniter\CodeIgniter->runController(Object(App\Controllers\Country))
#6 C:\xampp\htdocs\belajar\ci4\system\CodeIgniter.php(308): CodeIgniter\CodeIgniter->handleRequest(NULL, Object(Config\Cache), false)
#7 C:\xampp\htdocs\belajar\ci4\public\index.php(45): CodeIgniter\CodeIgniter->run()
#8 C:\xampp\htdocs\belajar\ci4\system\Commands\Server\rewrite.php(34): require_once('C:\\xampp\\htdocs...')
#9 {main}
CRITICAL - 2020-07-09 16:06:24 --> Undefined variable: language_id
#0 C:\xampp\htdocs\belajar\ci4\app\Views\country\form_add_country.php(166): CodeIgniter\Debug\Exceptions->errorHandler(8, 'Undefined varia...', 'C:\\xampp\\htdocs...', 166, Array)
#1 C:\xampp\htdocs\belajar\ci4\system\View\View.php(246): include('C:\\xampp\\htdocs...')
#2 C:\xampp\htdocs\belajar\ci4\system\Common.php(1087): CodeIgniter\View\View->render('country/form_ad...', Array, true)
#3 C:\xampp\htdocs\belajar\ci4\app\Controllers\Country.php(52): view('country/form_ad...', Array)
#4 C:\xampp\htdocs\belajar\ci4\system\CodeIgniter.php(914): App\Controllers\Country->add()
#5 C:\xampp\htdocs\belajar\ci4\system\CodeIgniter.php(400): CodeIgniter\CodeIgniter->runController(Object(App\Controllers\Country))
#6 C:\xampp\htdocs\belajar\ci4\system\CodeIgniter.php(308): CodeIgniter\CodeIgniter->handleRequest(NULL, Object(Config\Cache), false)
#7 C:\xampp\htdocs\belajar\ci4\public\index.php(45): CodeIgniter\CodeIgniter->run()
#8 C:\xampp\htdocs\belajar\ci4\system\Commands\Server\rewrite.php(34): require_once('C:\\xampp\\htdocs...')
#9 {main}
CRITICAL - 2020-07-09 16:06:27 --> Undefined variable: language_id
#0 C:\xampp\htdocs\belajar\ci4\app\Views\country\form_add_country.php(166): CodeIgniter\Debug\Exceptions->errorHandler(8, 'Undefined varia...', 'C:\\xampp\\htdocs...', 166, Array)
#1 C:\xampp\htdocs\belajar\ci4\system\View\View.php(246): include('C:\\xampp\\htdocs...')
#2 C:\xampp\htdocs\belajar\ci4\system\Common.php(1087): CodeIgniter\View\View->render('country/form_ad...', Array, true)
#3 C:\xampp\htdocs\belajar\ci4\app\Controllers\Country.php(52): view('country/form_ad...', Array)
#4 C:\xampp\htdocs\belajar\ci4\system\CodeIgniter.php(914): App\Controllers\Country->add()
#5 C:\xampp\htdocs\belajar\ci4\system\CodeIgniter.php(400): CodeIgniter\CodeIgniter->runController(Object(App\Controllers\Country))
#6 C:\xampp\htdocs\belajar\ci4\system\CodeIgniter.php(308): CodeIgniter\CodeIgniter->handleRequest(NULL, Object(Config\Cache), false)
#7 C:\xampp\htdocs\belajar\ci4\public\index.php(45): CodeIgniter\CodeIgniter->run()
#8 C:\xampp\htdocs\belajar\ci4\system\Commands\Server\rewrite.php(34): require_once('C:\\xampp\\htdocs...')
#9 {main}
CRITICAL - 2020-07-09 16:08:01 --> Undefined variable: language_id
#0 C:\xampp\htdocs\belajar\ci4\app\Views\country\form_add_country.php(153): CodeIgniter\Debug\Exceptions->errorHandler(8, 'Undefined varia...', 'C:\\xampp\\htdocs...', 153, Array)
#1 C:\xampp\htdocs\belajar\ci4\system\View\View.php(246): include('C:\\xampp\\htdocs...')
#2 C:\xampp\htdocs\belajar\ci4\system\Common.php(1087): CodeIgniter\View\View->render('country/form_ad...', Array, true)
#3 C:\xampp\htdocs\belajar\ci4\app\Controllers\Country.php(52): view('country/form_ad...', Array)
#4 C:\xampp\htdocs\belajar\ci4\system\CodeIgniter.php(914): App\Controllers\Country->add()
#5 C:\xampp\htdocs\belajar\ci4\system\CodeIgniter.php(400): CodeIgniter\CodeIgniter->runController(Object(App\Controllers\Country))
#6 C:\xampp\htdocs\belajar\ci4\system\CodeIgniter.php(308): CodeIgniter\CodeIgniter->handleRequest(NULL, Object(Config\Cache), false)
#7 C:\xampp\htdocs\belajar\ci4\public\index.php(45): CodeIgniter\CodeIgniter->run()
#8 C:\xampp\htdocs\belajar\ci4\system\Commands\Server\rewrite.php(34): require_once('C:\\xampp\\htdocs...')
#9 {main}
CRITICAL - 2020-07-09 16:09:10 --> syntax error, unexpected '='
#0 C:\xampp\htdocs\belajar\ci4\system\Common.php(1087): CodeIgniter\View\View->render('country/form_ad...', Array, true)
#1 C:\xampp\htdocs\belajar\ci4\app\Controllers\Country.php(52): view('country/form_ad...', Array)
#2 C:\xampp\htdocs\belajar\ci4\system\CodeIgniter.php(914): App\Controllers\Country->add()
#3 C:\xampp\htdocs\belajar\ci4\system\CodeIgniter.php(400): CodeIgniter\CodeIgniter->runController(Object(App\Controllers\Country))
#4 C:\xampp\htdocs\belajar\ci4\system\CodeIgniter.php(308): CodeIgniter\CodeIgniter->handleRequest(NULL, Object(Config\Cache), false)
#5 C:\xampp\htdocs\belajar\ci4\public\index.php(45): CodeIgniter\CodeIgniter->run()
#6 C:\xampp\htdocs\belajar\ci4\system\Commands\Server\rewrite.php(34): require_once('C:\\xampp\\htdocs...')
#7 {main}
CRITICAL - 2020-07-09 16:09:31 --> Undefined property: CodeIgniter\View\View::$request
#0 C:\xampp\htdocs\belajar\ci4\app\Views\country\form_add_country.php(25): CodeIgniter\Debug\Exceptions->errorHandler(8, 'Undefined prope...', 'C:\\xampp\\htdocs...', 25, Array)
#1 C:\xampp\htdocs\belajar\ci4\system\View\View.php(246): include('C:\\xampp\\htdocs...')
#2 C:\xampp\htdocs\belajar\ci4\system\Common.php(1087): CodeIgniter\View\View->render('country/form_ad...', Array, true)
#3 C:\xampp\htdocs\belajar\ci4\app\Controllers\Country.php(52): view('country/form_ad...', Array)
#4 C:\xampp\htdocs\belajar\ci4\system\CodeIgniter.php(914): App\Controllers\Country->add()
#5 C:\xampp\htdocs\belajar\ci4\system\CodeIgniter.php(400): CodeIgniter\CodeIgniter->runController(Object(App\Controllers\Country))
#6 C:\xampp\htdocs\belajar\ci4\system\CodeIgniter.php(308): CodeIgniter\CodeIgniter->handleRequest(NULL, Object(Config\Cache), false)
#7 C:\xampp\htdocs\belajar\ci4\public\index.php(45): CodeIgniter\CodeIgniter->run()
#8 C:\xampp\htdocs\belajar\ci4\system\Commands\Server\rewrite.php(34): require_once('C:\\xampp\\htdocs...')
#9 {main}
CRITICAL - 2020-07-09 16:10:07 --> Undefined property: CodeIgniter\View\View::$request
#0 C:\xampp\htdocs\belajar\ci4\app\Views\country\form_add_country.php(25): CodeIgniter\Debug\Exceptions->errorHandler(8, 'Undefined prope...', 'C:\\xampp\\htdocs...', 25, Array)
#1 C:\xampp\htdocs\belajar\ci4\system\View\View.php(246): include('C:\\xampp\\htdocs...')
#2 C:\xampp\htdocs\belajar\ci4\system\Common.php(1087): CodeIgniter\View\View->render('country/form_ad...', Array, true)
#3 C:\xampp\htdocs\belajar\ci4\app\Controllers\Country.php(52): view('country/form_ad...', Array)
#4 C:\xampp\htdocs\belajar\ci4\system\CodeIgniter.php(914): App\Controllers\Country->add()
#5 C:\xampp\htdocs\belajar\ci4\system\CodeIgniter.php(400): CodeIgniter\CodeIgniter->runController(Object(App\Controllers\Country))
#6 C:\xampp\htdocs\belajar\ci4\system\CodeIgniter.php(308): CodeIgniter\CodeIgniter->handleRequest(NULL, Object(Config\Cache), false)
#7 C:\xampp\htdocs\belajar\ci4\public\index.php(45): CodeIgniter\CodeIgniter->run()
#8 C:\xampp\htdocs\belajar\ci4\system\Commands\Server\rewrite.php(34): require_once('C:\\xampp\\htdocs...')
#9 {main}
CRITICAL - 2020-07-09 16:11:04 --> Call to a member function getPost() on null
#0 C:\xampp\htdocs\belajar\ci4\system\View\View.php(246): include()
#1 C:\xampp\htdocs\belajar\ci4\system\Common.php(1087): CodeIgniter\View\View->render('country/form_ad...', Array, true)
#2 C:\xampp\htdocs\belajar\ci4\app\Controllers\Country.php(52): view('country/form_ad...', Array)
#3 C:\xampp\htdocs\belajar\ci4\system\CodeIgniter.php(914): App\Controllers\Country->add()
#4 C:\xampp\htdocs\belajar\ci4\system\CodeIgniter.php(400): CodeIgniter\CodeIgniter->runController(Object(App\Controllers\Country))
#5 C:\xampp\htdocs\belajar\ci4\system\CodeIgniter.php(308): CodeIgniter\CodeIgniter->handleRequest(NULL, Object(Config\Cache), false)
#6 C:\xampp\htdocs\belajar\ci4\public\index.php(45): CodeIgniter\CodeIgniter->run()
#7 C:\xampp\htdocs\belajar\ci4\system\Commands\Server\rewrite.php(34): require_once('C:\\xampp\\htdocs...')
#8 {main}
CRITICAL - 2020-07-09 16:11:08 --> Call to a member function getPost() on null
#0 C:\xampp\htdocs\belajar\ci4\system\View\View.php(246): include()
#1 C:\xampp\htdocs\belajar\ci4\system\Common.php(1087): CodeIgniter\View\View->render('country/form_ad...', Array, true)
#2 C:\xampp\htdocs\belajar\ci4\app\Controllers\Country.php(52): view('country/form_ad...', Array)
#3 C:\xampp\htdocs\belajar\ci4\system\CodeIgniter.php(914): App\Controllers\Country->add()
#4 C:\xampp\htdocs\belajar\ci4\system\CodeIgniter.php(400): CodeIgniter\CodeIgniter->runController(Object(App\Controllers\Country))
#5 C:\xampp\htdocs\belajar\ci4\system\CodeIgniter.php(308): CodeIgniter\CodeIgniter->handleRequest(NULL, Object(Config\Cache), false)
#6 C:\xampp\htdocs\belajar\ci4\public\index.php(45): CodeIgniter\CodeIgniter->run()
#7 C:\xampp\htdocs\belajar\ci4\system\Commands\Server\rewrite.php(34): require_once('C:\\xampp\\htdocs...')
#8 {main}
CRITICAL - 2020-07-09 16:11:10 --> Call to a member function getPost() on null
#0 C:\xampp\htdocs\belajar\ci4\system\View\View.php(246): include()
#1 C:\xampp\htdocs\belajar\ci4\system\Common.php(1087): CodeIgniter\View\View->render('country/form_ad...', Array, true)
#2 C:\xampp\htdocs\belajar\ci4\app\Controllers\Country.php(52): view('country/form_ad...', Array)
#3 C:\xampp\htdocs\belajar\ci4\system\CodeIgniter.php(914): App\Controllers\Country->add()
#4 C:\xampp\htdocs\belajar\ci4\system\CodeIgniter.php(400): CodeIgniter\CodeIgniter->runController(Object(App\Controllers\Country))
#5 C:\xampp\htdocs\belajar\ci4\system\CodeIgniter.php(308): CodeIgniter\CodeIgniter->handleRequest(NULL, Object(Config\Cache), false)
#6 C:\xampp\htdocs\belajar\ci4\public\index.php(45): CodeIgniter\CodeIgniter->run()
#7 C:\xampp\htdocs\belajar\ci4\system\Commands\Server\rewrite.php(34): require_once('C:\\xampp\\htdocs...')
#8 {main}
CRITICAL - 2020-07-09 16:11:26 --> Function name must be a string
#0 C:\xampp\htdocs\belajar\ci4\system\View\View.php(246): include()
#1 C:\xampp\htdocs\belajar\ci4\system\Common.php(1087): CodeIgniter\View\View->render('country/form_ad...', Array, true)
#2 C:\xampp\htdocs\belajar\ci4\app\Controllers\Country.php(52): view('country/form_ad...', Array)
#3 C:\xampp\htdocs\belajar\ci4\system\CodeIgniter.php(914): App\Controllers\Country->add()
#4 C:\xampp\htdocs\belajar\ci4\system\CodeIgniter.php(400): CodeIgniter\CodeIgniter->runController(Object(App\Controllers\Country))
#5 C:\xampp\htdocs\belajar\ci4\system\CodeIgniter.php(308): CodeIgniter\CodeIgniter->handleRequest(NULL, Object(Config\Cache), false)
#6 C:\xampp\htdocs\belajar\ci4\public\index.php(45): CodeIgniter\CodeIgniter->run()
#7 C:\xampp\htdocs\belajar\ci4\system\Commands\Server\rewrite.php(34): require_once('C:\\xampp\\htdocs...')
#8 {main}
CRITICAL - 2020-07-09 16:11:29 --> Function name must be a string
#0 C:\xampp\htdocs\belajar\ci4\system\View\View.php(246): include()
#1 C:\xampp\htdocs\belajar\ci4\system\Common.php(1087): CodeIgniter\View\View->render('country/form_ad...', Array, true)
#2 C:\xampp\htdocs\belajar\ci4\app\Controllers\Country.php(52): view('country/form_ad...', Array)
#3 C:\xampp\htdocs\belajar\ci4\system\CodeIgniter.php(914): App\Controllers\Country->add()
#4 C:\xampp\htdocs\belajar\ci4\system\CodeIgniter.php(400): CodeIgniter\CodeIgniter->runController(Object(App\Controllers\Country))
#5 C:\xampp\htdocs\belajar\ci4\system\CodeIgniter.php(308): CodeIgniter\CodeIgniter->handleRequest(NULL, Object(Config\Cache), false)
#6 C:\xampp\htdocs\belajar\ci4\public\index.php(45): CodeIgniter\CodeIgniter->run()
#7 C:\xampp\htdocs\belajar\ci4\system\Commands\Server\rewrite.php(34): require_once('C:\\xampp\\htdocs...')
#8 {main}
CRITICAL - 2020-07-09 16:11:31 --> Function name must be a string
#0 C:\xampp\htdocs\belajar\ci4\system\View\View.php(246): include()
#1 C:\xampp\htdocs\belajar\ci4\system\Common.php(1087): CodeIgniter\View\View->render('country/form_ad...', Array, true)
#2 C:\xampp\htdocs\belajar\ci4\app\Controllers\Country.php(52): view('country/form_ad...', Array)
#3 C:\xampp\htdocs\belajar\ci4\system\CodeIgniter.php(914): App\Controllers\Country->add()
#4 C:\xampp\htdocs\belajar\ci4\system\CodeIgniter.php(400): CodeIgniter\CodeIgniter->runController(Object(App\Controllers\Country))
#5 C:\xampp\htdocs\belajar\ci4\system\CodeIgniter.php(308): CodeIgniter\CodeIgniter->handleRequest(NULL, Object(Config\Cache), false)
#6 C:\xampp\htdocs\belajar\ci4\public\index.php(45): CodeIgniter\CodeIgniter->run()
#7 C:\xampp\htdocs\belajar\ci4\system\Commands\Server\rewrite.php(34): require_once('C:\\xampp\\htdocs...')
#8 {main}
CRITICAL - 2020-07-09 16:11:32 --> Function name must be a string
#0 C:\xampp\htdocs\belajar\ci4\system\View\View.php(246): include()
#1 C:\xampp\htdocs\belajar\ci4\system\Common.php(1087): CodeIgniter\View\View->render('country/form_ad...', Array, true)
#2 C:\xampp\htdocs\belajar\ci4\app\Controllers\Country.php(52): view('country/form_ad...', Array)
#3 C:\xampp\htdocs\belajar\ci4\system\CodeIgniter.php(914): App\Controllers\Country->add()
#4 C:\xampp\htdocs\belajar\ci4\system\CodeIgniter.php(400): CodeIgniter\CodeIgniter->runController(Object(App\Controllers\Country))
#5 C:\xampp\htdocs\belajar\ci4\system\CodeIgniter.php(308): CodeIgniter\CodeIgniter->handleRequest(NULL, Object(Config\Cache), false)
#6 C:\xampp\htdocs\belajar\ci4\public\index.php(45): CodeIgniter\CodeIgniter->run()
#7 C:\xampp\htdocs\belajar\ci4\system\Commands\Server\rewrite.php(34): require_once('C:\\xampp\\htdocs...')
#8 {main}
CRITICAL - 2020-07-09 16:11:33 --> Function name must be a string
#0 C:\xampp\htdocs\belajar\ci4\system\View\View.php(246): include()
#1 C:\xampp\htdocs\belajar\ci4\system\Common.php(1087): CodeIgniter\View\View->render('country/form_ad...', Array, true)
#2 C:\xampp\htdocs\belajar\ci4\app\Controllers\Country.php(52): view('country/form_ad...', Array)
#3 C:\xampp\htdocs\belajar\ci4\system\CodeIgniter.php(914): App\Controllers\Country->add()
#4 C:\xampp\htdocs\belajar\ci4\system\CodeIgniter.php(400): CodeIgniter\CodeIgniter->runController(Object(App\Controllers\Country))
#5 C:\xampp\htdocs\belajar\ci4\system\CodeIgniter.php(308): CodeIgniter\CodeIgniter->handleRequest(NULL, Object(Config\Cache), false)
#6 C:\xampp\htdocs\belajar\ci4\public\index.php(45): CodeIgniter\CodeIgniter->run()
#7 C:\xampp\htdocs\belajar\ci4\system\Commands\Server\rewrite.php(34): require_once('C:\\xampp\\htdocs...')
#8 {main}
CRITICAL - 2020-07-09 16:29:11 --> Undefined variable: validation
#0 C:\xampp\htdocs\belajar\ci4\app\Views\country\form_add_country.php(56): CodeIgniter\Debug\Exceptions->errorHandler(8, 'Undefined varia...', 'C:\\xampp\\htdocs...', 56, Array)
#1 C:\xampp\htdocs\belajar\ci4\system\View\View.php(246): include('C:\\xampp\\htdocs...')
#2 C:\xampp\htdocs\belajar\ci4\system\Common.php(1087): CodeIgniter\View\View->render('country/form_ad...', Array, true)
#3 C:\xampp\htdocs\belajar\ci4\app\Controllers\Country.php(53): view('country/form_ad...', Array)
#4 C:\xampp\htdocs\belajar\ci4\system\CodeIgniter.php(914): App\Controllers\Country->add()
#5 C:\xampp\htdocs\belajar\ci4\system\CodeIgniter.php(400): CodeIgniter\CodeIgniter->runController(Object(App\Controllers\Country))
#6 C:\xampp\htdocs\belajar\ci4\system\CodeIgniter.php(308): CodeIgniter\CodeIgniter->handleRequest(NULL, Object(Config\Cache), false)
#7 C:\xampp\htdocs\belajar\ci4\public\index.php(45): CodeIgniter\CodeIgniter->run()
#8 C:\xampp\htdocs\belajar\ci4\system\Commands\Server\rewrite.php(34): require_once('C:\\xampp\\htdocs...')
#9 {main}
CRITICAL - 2020-07-09 16:29:13 --> Undefined variable: validation
#0 C:\xampp\htdocs\belajar\ci4\app\Views\country\form_add_country.php(56): CodeIgniter\Debug\Exceptions->errorHandler(8, 'Undefined varia...', 'C:\\xampp\\htdocs...', 56, Array)
#1 C:\xampp\htdocs\belajar\ci4\system\View\View.php(246): include('C:\\xampp\\htdocs...')
#2 C:\xampp\htdocs\belajar\ci4\system\Common.php(1087): CodeIgniter\View\View->render('country/form_ad...', Array, true)
#3 C:\xampp\htdocs\belajar\ci4\app\Controllers\Country.php(53): view('country/form_ad...', Array)
#4 C:\xampp\htdocs\belajar\ci4\system\CodeIgniter.php(914): App\Controllers\Country->add()
#5 C:\xampp\htdocs\belajar\ci4\system\CodeIgniter.php(400): CodeIgniter\CodeIgniter->runController(Object(App\Controllers\Country))
#6 C:\xampp\htdocs\belajar\ci4\system\CodeIgniter.php(308): CodeIgniter\CodeIgniter->handleRequest(NULL, Object(Config\Cache), false)
#7 C:\xampp\htdocs\belajar\ci4\public\index.php(45): CodeIgniter\CodeIgniter->run()
#8 C:\xampp\htdocs\belajar\ci4\system\Commands\Server\rewrite.php(34): require_once('C:\\xampp\\htdocs...')
#9 {main}
