CRITICAL - 2020-07-01 10:02:11 --> Too few arguments to function App\Controllers\Country::add(), 1 passed in C:\xampp\htdocs\belajar\ci4\system\CodeIgniter.php on line 914 and exactly 2 expected
#0 C:\xampp\htdocs\belajar\ci4\system\CodeIgniter.php(914): App\Controllers\Country->add('sandals')
#1 C:\xampp\htdocs\belajar\ci4\system\CodeIgniter.php(400): CodeIgniter\CodeIgniter->runController(Object(App\Controllers\Country))
#2 C:\xampp\htdocs\belajar\ci4\system\CodeIgniter.php(308): CodeIgniter\CodeIgniter->handleRequest(NULL, Object(Config\Cache), false)
#3 C:\xampp\htdocs\belajar\ci4\public\index.php(45): CodeIgniter\CodeIgniter->run()
#4 C:\xampp\htdocs\belajar\ci4\system\Commands\Server\rewrite.php(34): require_once('C:\\xampp\\htdocs...')
#5 {main}
CRITICAL - 2020-07-01 10:04:19 --> Too few arguments to function App\Controllers\Country::action(), 0 passed in C:\xampp\htdocs\belajar\ci4\system\CodeIgniter.php on line 914 and at least 1 expected
#0 C:\xampp\htdocs\belajar\ci4\system\CodeIgniter.php(914): App\Controllers\Country->action()
#1 C:\xampp\htdocs\belajar\ci4\system\CodeIgniter.php(400): CodeIgniter\CodeIgniter->runController(Object(App\Controllers\Country))
#2 C:\xampp\htdocs\belajar\ci4\system\CodeIgniter.php(308): CodeIgniter\CodeIgniter->handleRequest(NULL, Object(Config\Cache), false)
#3 C:\xampp\htdocs\belajar\ci4\public\index.php(45): CodeIgniter\CodeIgniter->run()
#4 C:\xampp\htdocs\belajar\ci4\system\Commands\Server\rewrite.php(34): require_once('C:\\xampp\\htdocs...')
#5 {main}
CRITICAL - 2020-07-01 10:59:33 --> Call to undefined function baseurl()
#0 C:\xampp\htdocs\belajar\ci4\system\CodeIgniter.php(914): App\Controllers\Country->actions('add')
#1 C:\xampp\htdocs\belajar\ci4\system\CodeIgniter.php(400): CodeIgniter\CodeIgniter->runController(Object(App\Controllers\Country))
#2 C:\xampp\htdocs\belajar\ci4\system\CodeIgniter.php(308): CodeIgniter\CodeIgniter->handleRequest(NULL, Object(Config\Cache), false)
#3 C:\xampp\htdocs\belajar\ci4\public\index.php(45): CodeIgniter\CodeIgniter->run()
#4 C:\xampp\htdocs\belajar\ci4\system\Commands\Server\rewrite.php(34): require_once('C:\\xampp\\htdocs...')
#5 {main}
CRITICAL - 2020-07-01 11:06:23 --> Invalid file: {0}
#0 C:\xampp\htdocs\belajar\ci4\system\View\View.php(228): CodeIgniter\Exceptions\FrameworkException::forInvalidFile('country/view_co...')
#1 C:\xampp\htdocs\belajar\ci4\system\Common.php(1087): CodeIgniter\View\View->render('country/view_co...', Array, true)
#2 C:\xampp\htdocs\belajar\ci4\app\Controllers\Country.php(8): view('country/view_co...')
#3 C:\xampp\htdocs\belajar\ci4\system\CodeIgniter.php(914): App\Controllers\Country->index()
#4 C:\xampp\htdocs\belajar\ci4\system\CodeIgniter.php(400): CodeIgniter\CodeIgniter->runController(Object(App\Controllers\Country))
#5 C:\xampp\htdocs\belajar\ci4\system\CodeIgniter.php(308): CodeIgniter\CodeIgniter->handleRequest(NULL, Object(Config\Cache), false)
#6 C:\xampp\htdocs\belajar\ci4\public\index.php(45): CodeIgniter\CodeIgniter->run()
#7 C:\xampp\htdocs\belajar\ci4\system\Commands\Server\rewrite.php(34): require_once('C:\\xampp\\htdocs...')
#8 {main}
CRITICAL - 2020-07-01 11:06:27 --> Invalid file: {0}
#0 C:\xampp\htdocs\belajar\ci4\system\View\View.php(228): CodeIgniter\Exceptions\FrameworkException::forInvalidFile('country/view_co...')
#1 C:\xampp\htdocs\belajar\ci4\system\Common.php(1087): CodeIgniter\View\View->render('country/view_co...', Array, true)
#2 C:\xampp\htdocs\belajar\ci4\app\Controllers\Country.php(8): view('country/view_co...')
#3 C:\xampp\htdocs\belajar\ci4\system\CodeIgniter.php(914): App\Controllers\Country->index()
#4 C:\xampp\htdocs\belajar\ci4\system\CodeIgniter.php(400): CodeIgniter\CodeIgniter->runController(Object(App\Controllers\Country))
#5 C:\xampp\htdocs\belajar\ci4\system\CodeIgniter.php(308): CodeIgniter\CodeIgniter->handleRequest(NULL, Object(Config\Cache), false)
#6 C:\xampp\htdocs\belajar\ci4\public\index.php(45): CodeIgniter\CodeIgniter->run()
#7 C:\xampp\htdocs\belajar\ci4\system\Commands\Server\rewrite.php(34): require_once('C:\\xampp\\htdocs...')
#8 {main}
CRITICAL - 2020-07-01 11:06:38 --> Invalid file: {0}
#0 C:\xampp\htdocs\belajar\ci4\system\View\View.php(228): CodeIgniter\Exceptions\FrameworkException::forInvalidFile('country/view_co...')
#1 C:\xampp\htdocs\belajar\ci4\system\Common.php(1087): CodeIgniter\View\View->render('country/view_co...', Array, true)
#2 C:\xampp\htdocs\belajar\ci4\app\Controllers\Country.php(8): view('country/view_co...')
#3 C:\xampp\htdocs\belajar\ci4\system\CodeIgniter.php(914): App\Controllers\Country->index()
#4 C:\xampp\htdocs\belajar\ci4\system\CodeIgniter.php(400): CodeIgniter\CodeIgniter->runController(Object(App\Controllers\Country))
#5 C:\xampp\htdocs\belajar\ci4\system\CodeIgniter.php(308): CodeIgniter\CodeIgniter->handleRequest(NULL, Object(Config\Cache), false)
#6 C:\xampp\htdocs\belajar\ci4\public\index.php(45): CodeIgniter\CodeIgniter->run()
#7 C:\xampp\htdocs\belajar\ci4\system\Commands\Server\rewrite.php(34): require_once('C:\\xampp\\htdocs...')
#8 {main}
CRITICAL - 2020-07-01 11:06:48 --> Invalid file: {0}
#0 C:\xampp\htdocs\belajar\ci4\system\View\View.php(228): CodeIgniter\Exceptions\FrameworkException::forInvalidFile('country/view_co...')
#1 C:\xampp\htdocs\belajar\ci4\system\Common.php(1087): CodeIgniter\View\View->render('country/view_co...', Array, true)
#2 C:\xampp\htdocs\belajar\ci4\app\Controllers\Country.php(7): view('country/view_co...')
#3 C:\xampp\htdocs\belajar\ci4\system\CodeIgniter.php(914): App\Controllers\Country->index()
#4 C:\xampp\htdocs\belajar\ci4\system\CodeIgniter.php(400): CodeIgniter\CodeIgniter->runController(Object(App\Controllers\Country))
#5 C:\xampp\htdocs\belajar\ci4\system\CodeIgniter.php(308): CodeIgniter\CodeIgniter->handleRequest(NULL, Object(Config\Cache), false)
#6 C:\xampp\htdocs\belajar\ci4\public\index.php(45): CodeIgniter\CodeIgniter->run()
#7 C:\xampp\htdocs\belajar\ci4\system\Commands\Server\rewrite.php(34): require_once('C:\\xampp\\htdocs...')
#8 {main}
CRITICAL - 2020-07-01 11:06:51 --> Invalid file: {0}
#0 C:\xampp\htdocs\belajar\ci4\system\View\View.php(228): CodeIgniter\Exceptions\FrameworkException::forInvalidFile('country/view_co...')
#1 C:\xampp\htdocs\belajar\ci4\system\Common.php(1087): CodeIgniter\View\View->render('country/view_co...', Array, true)
#2 C:\xampp\htdocs\belajar\ci4\app\Controllers\Country.php(7): view('country/view_co...')
#3 C:\xampp\htdocs\belajar\ci4\system\CodeIgniter.php(914): App\Controllers\Country->index()
#4 C:\xampp\htdocs\belajar\ci4\system\CodeIgniter.php(400): CodeIgniter\CodeIgniter->runController(Object(App\Controllers\Country))
#5 C:\xampp\htdocs\belajar\ci4\system\CodeIgniter.php(308): CodeIgniter\CodeIgniter->handleRequest(NULL, Object(Config\Cache), false)
#6 C:\xampp\htdocs\belajar\ci4\public\index.php(45): CodeIgniter\CodeIgniter->run()
#7 C:\xampp\htdocs\belajar\ci4\system\Commands\Server\rewrite.php(34): require_once('C:\\xampp\\htdocs...')
#8 {main}
CRITICAL - 2020-07-01 15:04:37 --> Call to a member function flashdata() on null
#0 C:\xampp\htdocs\belajar\ci4\system\View\View.php(246): include()
#1 C:\xampp\htdocs\belajar\ci4\system\Common.php(1087): CodeIgniter\View\View->render('country/view_co...', Array, true)
#2 C:\xampp\htdocs\belajar\ci4\app\Controllers\Country.php(8): view('country/view_co...')
#3 C:\xampp\htdocs\belajar\ci4\system\CodeIgniter.php(914): App\Controllers\Country->index()
#4 C:\xampp\htdocs\belajar\ci4\system\CodeIgniter.php(400): CodeIgniter\CodeIgniter->runController(Object(App\Controllers\Country))
#5 C:\xampp\htdocs\belajar\ci4\system\CodeIgniter.php(308): CodeIgniter\CodeIgniter->handleRequest(NULL, Object(Config\Cache), false)
#6 C:\xampp\htdocs\belajar\ci4\public\index.php(45): CodeIgniter\CodeIgniter->run()
#7 C:\xampp\htdocs\belajar\ci4\system\Commands\Server\rewrite.php(34): require_once('C:\\xampp\\htdocs...')
#8 {main}
CRITICAL - 2020-07-01 15:04:50 --> Call to a member function flashdata() on null
#0 C:\xampp\htdocs\belajar\ci4\system\View\View.php(246): include()
#1 C:\xampp\htdocs\belajar\ci4\system\Common.php(1087): CodeIgniter\View\View->render('country/view_co...', Array, true)
#2 C:\xampp\htdocs\belajar\ci4\app\Controllers\Country.php(8): view('country/view_co...')
#3 C:\xampp\htdocs\belajar\ci4\system\CodeIgniter.php(914): App\Controllers\Country->index()
#4 C:\xampp\htdocs\belajar\ci4\system\CodeIgniter.php(400): CodeIgniter\CodeIgniter->runController(Object(App\Controllers\Country))
#5 C:\xampp\htdocs\belajar\ci4\system\CodeIgniter.php(308): CodeIgniter\CodeIgniter->handleRequest(NULL, Object(Config\Cache), false)
#6 C:\xampp\htdocs\belajar\ci4\public\index.php(45): CodeIgniter\CodeIgniter->run()
#7 C:\xampp\htdocs\belajar\ci4\system\Commands\Server\rewrite.php(34): require_once('C:\\xampp\\htdocs...')
#8 {main}
CRITICAL - 2020-07-01 15:05:38 --> Call to a member function flashdata() on null
#0 C:\xampp\htdocs\belajar\ci4\system\View\View.php(246): include()
#1 C:\xampp\htdocs\belajar\ci4\system\Common.php(1087): CodeIgniter\View\View->render('country/view_co...', Array, true)
#2 C:\xampp\htdocs\belajar\ci4\app\Controllers\Country.php(8): view('country/view_co...')
#3 C:\xampp\htdocs\belajar\ci4\system\CodeIgniter.php(914): App\Controllers\Country->index()
#4 C:\xampp\htdocs\belajar\ci4\system\CodeIgniter.php(400): CodeIgniter\CodeIgniter->runController(Object(App\Controllers\Country))
#5 C:\xampp\htdocs\belajar\ci4\system\CodeIgniter.php(308): CodeIgniter\CodeIgniter->handleRequest(NULL, Object(Config\Cache), false)
#6 C:\xampp\htdocs\belajar\ci4\public\index.php(45): CodeIgniter\CodeIgniter->run()
#7 C:\xampp\htdocs\belajar\ci4\system\Commands\Server\rewrite.php(34): require_once('C:\\xampp\\htdocs...')
#8 {main}
CRITICAL - 2020-07-01 15:23:18 --> Call to a member function getCountry() on null
#0 C:\xampp\htdocs\belajar\ci4\system\CodeIgniter.php(914): App\Controllers\Country->index()
#1 C:\xampp\htdocs\belajar\ci4\system\CodeIgniter.php(400): CodeIgniter\CodeIgniter->runController(Object(App\Controllers\Country))
#2 C:\xampp\htdocs\belajar\ci4\system\CodeIgniter.php(308): CodeIgniter\CodeIgniter->handleRequest(NULL, Object(Config\Cache), false)
#3 C:\xampp\htdocs\belajar\ci4\public\index.php(45): CodeIgniter\CodeIgniter->run()
#4 C:\xampp\htdocs\belajar\ci4\system\Commands\Server\rewrite.php(34): require_once('C:\\xampp\\htdocs...')
#5 {main}
CRITICAL - 2020-07-01 15:23:51 --> Call to a member function getCountry() on null
#0 C:\xampp\htdocs\belajar\ci4\system\CodeIgniter.php(914): App\Controllers\Country->index()
#1 C:\xampp\htdocs\belajar\ci4\system\CodeIgniter.php(400): CodeIgniter\CodeIgniter->runController(Object(App\Controllers\Country))
#2 C:\xampp\htdocs\belajar\ci4\system\CodeIgniter.php(308): CodeIgniter\CodeIgniter->handleRequest(NULL, Object(Config\Cache), false)
#3 C:\xampp\htdocs\belajar\ci4\public\index.php(45): CodeIgniter\CodeIgniter->run()
#4 C:\xampp\htdocs\belajar\ci4\system\Commands\Server\rewrite.php(34): require_once('C:\\xampp\\htdocs...')
#5 {main}
CRITICAL - 2020-07-01 15:23:51 --> Call to a member function getCountry() on null
#0 C:\xampp\htdocs\belajar\ci4\system\CodeIgniter.php(914): App\Controllers\Country->index()
#1 C:\xampp\htdocs\belajar\ci4\system\CodeIgniter.php(400): CodeIgniter\CodeIgniter->runController(Object(App\Controllers\Country))
#2 C:\xampp\htdocs\belajar\ci4\system\CodeIgniter.php(308): CodeIgniter\CodeIgniter->handleRequest(NULL, Object(Config\Cache), false)
#3 C:\xampp\htdocs\belajar\ci4\public\index.php(45): CodeIgniter\CodeIgniter->run()
#4 C:\xampp\htdocs\belajar\ci4\system\Commands\Server\rewrite.php(34): require_once('C:\\xampp\\htdocs...')
#5 {main}
CRITICAL - 2020-07-01 15:23:52 --> Call to a member function getCountry() on null
#0 C:\xampp\htdocs\belajar\ci4\system\CodeIgniter.php(914): App\Controllers\Country->index()
#1 C:\xampp\htdocs\belajar\ci4\system\CodeIgniter.php(400): CodeIgniter\CodeIgniter->runController(Object(App\Controllers\Country))
#2 C:\xampp\htdocs\belajar\ci4\system\CodeIgniter.php(308): CodeIgniter\CodeIgniter->handleRequest(NULL, Object(Config\Cache), false)
#3 C:\xampp\htdocs\belajar\ci4\public\index.php(45): CodeIgniter\CodeIgniter->run()
#4 C:\xampp\htdocs\belajar\ci4\system\Commands\Server\rewrite.php(34): require_once('C:\\xampp\\htdocs...')
#5 {main}
CRITICAL - 2020-07-01 15:23:52 --> Call to a member function getCountry() on null
#0 C:\xampp\htdocs\belajar\ci4\system\CodeIgniter.php(914): App\Controllers\Country->index()
#1 C:\xampp\htdocs\belajar\ci4\system\CodeIgniter.php(400): CodeIgniter\CodeIgniter->runController(Object(App\Controllers\Country))
#2 C:\xampp\htdocs\belajar\ci4\system\CodeIgniter.php(308): CodeIgniter\CodeIgniter->handleRequest(NULL, Object(Config\Cache), false)
#3 C:\xampp\htdocs\belajar\ci4\public\index.php(45): CodeIgniter\CodeIgniter->run()
#4 C:\xampp\htdocs\belajar\ci4\system\Commands\Server\rewrite.php(34): require_once('C:\\xampp\\htdocs...')
#5 {main}
CRITICAL - 2020-07-01 15:23:52 --> Call to a member function getCountry() on null
#0 C:\xampp\htdocs\belajar\ci4\system\CodeIgniter.php(914): App\Controllers\Country->index()
#1 C:\xampp\htdocs\belajar\ci4\system\CodeIgniter.php(400): CodeIgniter\CodeIgniter->runController(Object(App\Controllers\Country))
#2 C:\xampp\htdocs\belajar\ci4\system\CodeIgniter.php(308): CodeIgniter\CodeIgniter->handleRequest(NULL, Object(Config\Cache), false)
#3 C:\xampp\htdocs\belajar\ci4\public\index.php(45): CodeIgniter\CodeIgniter->run()
#4 C:\xampp\htdocs\belajar\ci4\system\Commands\Server\rewrite.php(34): require_once('C:\\xampp\\htdocs...')
#5 {main}
CRITICAL - 2020-07-01 15:23:52 --> Call to a member function getCountry() on null
#0 C:\xampp\htdocs\belajar\ci4\system\CodeIgniter.php(914): App\Controllers\Country->index()
#1 C:\xampp\htdocs\belajar\ci4\system\CodeIgniter.php(400): CodeIgniter\CodeIgniter->runController(Object(App\Controllers\Country))
#2 C:\xampp\htdocs\belajar\ci4\system\CodeIgniter.php(308): CodeIgniter\CodeIgniter->handleRequest(NULL, Object(Config\Cache), false)
#3 C:\xampp\htdocs\belajar\ci4\public\index.php(45): CodeIgniter\CodeIgniter->run()
#4 C:\xampp\htdocs\belajar\ci4\system\Commands\Server\rewrite.php(34): require_once('C:\\xampp\\htdocs...')
#5 {main}
CRITICAL - 2020-07-01 15:23:52 --> Call to a member function getCountry() on null
#0 C:\xampp\htdocs\belajar\ci4\system\CodeIgniter.php(914): App\Controllers\Country->index()
#1 C:\xampp\htdocs\belajar\ci4\system\CodeIgniter.php(400): CodeIgniter\CodeIgniter->runController(Object(App\Controllers\Country))
#2 C:\xampp\htdocs\belajar\ci4\system\CodeIgniter.php(308): CodeIgniter\CodeIgniter->handleRequest(NULL, Object(Config\Cache), false)
#3 C:\xampp\htdocs\belajar\ci4\public\index.php(45): CodeIgniter\CodeIgniter->run()
#4 C:\xampp\htdocs\belajar\ci4\system\Commands\Server\rewrite.php(34): require_once('C:\\xampp\\htdocs...')
#5 {main}
CRITICAL - 2020-07-01 15:23:52 --> Call to a member function getCountry() on null
#0 C:\xampp\htdocs\belajar\ci4\system\CodeIgniter.php(914): App\Controllers\Country->index()
#1 C:\xampp\htdocs\belajar\ci4\system\CodeIgniter.php(400): CodeIgniter\CodeIgniter->runController(Object(App\Controllers\Country))
#2 C:\xampp\htdocs\belajar\ci4\system\CodeIgniter.php(308): CodeIgniter\CodeIgniter->handleRequest(NULL, Object(Config\Cache), false)
#3 C:\xampp\htdocs\belajar\ci4\public\index.php(45): CodeIgniter\CodeIgniter->run()
#4 C:\xampp\htdocs\belajar\ci4\system\Commands\Server\rewrite.php(34): require_once('C:\\xampp\\htdocs...')
#5 {main}
CRITICAL - 2020-07-01 15:23:53 --> Call to a member function getCountry() on null
#0 C:\xampp\htdocs\belajar\ci4\system\CodeIgniter.php(914): App\Controllers\Country->index()
#1 C:\xampp\htdocs\belajar\ci4\system\CodeIgniter.php(400): CodeIgniter\CodeIgniter->runController(Object(App\Controllers\Country))
#2 C:\xampp\htdocs\belajar\ci4\system\CodeIgniter.php(308): CodeIgniter\CodeIgniter->handleRequest(NULL, Object(Config\Cache), false)
#3 C:\xampp\htdocs\belajar\ci4\public\index.php(45): CodeIgniter\CodeIgniter->run()
#4 C:\xampp\htdocs\belajar\ci4\system\Commands\Server\rewrite.php(34): require_once('C:\\xampp\\htdocs...')
#5 {main}
CRITICAL - 2020-07-01 15:23:53 --> Call to a member function getCountry() on null
#0 C:\xampp\htdocs\belajar\ci4\system\CodeIgniter.php(914): App\Controllers\Country->index()
#1 C:\xampp\htdocs\belajar\ci4\system\CodeIgniter.php(400): CodeIgniter\CodeIgniter->runController(Object(App\Controllers\Country))
#2 C:\xampp\htdocs\belajar\ci4\system\CodeIgniter.php(308): CodeIgniter\CodeIgniter->handleRequest(NULL, Object(Config\Cache), false)
#3 C:\xampp\htdocs\belajar\ci4\public\index.php(45): CodeIgniter\CodeIgniter->run()
#4 C:\xampp\htdocs\belajar\ci4\system\Commands\Server\rewrite.php(34): require_once('C:\\xampp\\htdocs...')
#5 {main}
CRITICAL - 2020-07-01 15:23:53 --> Call to a member function getCountry() on null
#0 C:\xampp\htdocs\belajar\ci4\system\CodeIgniter.php(914): App\Controllers\Country->index()
#1 C:\xampp\htdocs\belajar\ci4\system\CodeIgniter.php(400): CodeIgniter\CodeIgniter->runController(Object(App\Controllers\Country))
#2 C:\xampp\htdocs\belajar\ci4\system\CodeIgniter.php(308): CodeIgniter\CodeIgniter->handleRequest(NULL, Object(Config\Cache), false)
#3 C:\xampp\htdocs\belajar\ci4\public\index.php(45): CodeIgniter\CodeIgniter->run()
#4 C:\xampp\htdocs\belajar\ci4\system\Commands\Server\rewrite.php(34): require_once('C:\\xampp\\htdocs...')
#5 {main}
CRITICAL - 2020-07-01 15:24:37 --> Call to a member function getCountry() on null
#0 C:\xampp\htdocs\belajar\ci4\system\CodeIgniter.php(914): App\Controllers\Country->index()
#1 C:\xampp\htdocs\belajar\ci4\system\CodeIgniter.php(400): CodeIgniter\CodeIgniter->runController(Object(App\Controllers\Country))
#2 C:\xampp\htdocs\belajar\ci4\system\CodeIgniter.php(308): CodeIgniter\CodeIgniter->handleRequest(NULL, Object(Config\Cache), false)
#3 C:\xampp\htdocs\belajar\ci4\public\index.php(45): CodeIgniter\CodeIgniter->run()
#4 C:\xampp\htdocs\belajar\ci4\system\Commands\Server\rewrite.php(34): require_once('C:\\xampp\\htdocs...')
#5 {main}
CRITICAL - 2020-07-01 15:25:04 --> Call to a member function getCountry() on null
#0 C:\xampp\htdocs\belajar\ci4\system\CodeIgniter.php(914): App\Controllers\Country->index()
#1 C:\xampp\htdocs\belajar\ci4\system\CodeIgniter.php(400): CodeIgniter\CodeIgniter->runController(Object(App\Controllers\Country))
#2 C:\xampp\htdocs\belajar\ci4\system\CodeIgniter.php(308): CodeIgniter\CodeIgniter->handleRequest(NULL, Object(Config\Cache), false)
#3 C:\xampp\htdocs\belajar\ci4\public\index.php(45): CodeIgniter\CodeIgniter->run()
#4 C:\xampp\htdocs\belajar\ci4\system\Commands\Server\rewrite.php(34): require_once('C:\\xampp\\htdocs...')
#5 {main}
CRITICAL - 2020-07-01 15:25:05 --> Call to a member function getCountry() on null
#0 C:\xampp\htdocs\belajar\ci4\system\CodeIgniter.php(914): App\Controllers\Country->index()
#1 C:\xampp\htdocs\belajar\ci4\system\CodeIgniter.php(400): CodeIgniter\CodeIgniter->runController(Object(App\Controllers\Country))
#2 C:\xampp\htdocs\belajar\ci4\system\CodeIgniter.php(308): CodeIgniter\CodeIgniter->handleRequest(NULL, Object(Config\Cache), false)
#3 C:\xampp\htdocs\belajar\ci4\public\index.php(45): CodeIgniter\CodeIgniter->run()
#4 C:\xampp\htdocs\belajar\ci4\system\Commands\Server\rewrite.php(34): require_once('C:\\xampp\\htdocs...')
#5 {main}
CRITICAL - 2020-07-01 15:25:05 --> Call to a member function getCountry() on null
#0 C:\xampp\htdocs\belajar\ci4\system\CodeIgniter.php(914): App\Controllers\Country->index()
#1 C:\xampp\htdocs\belajar\ci4\system\CodeIgniter.php(400): CodeIgniter\CodeIgniter->runController(Object(App\Controllers\Country))
#2 C:\xampp\htdocs\belajar\ci4\system\CodeIgniter.php(308): CodeIgniter\CodeIgniter->handleRequest(NULL, Object(Config\Cache), false)
#3 C:\xampp\htdocs\belajar\ci4\public\index.php(45): CodeIgniter\CodeIgniter->run()
#4 C:\xampp\htdocs\belajar\ci4\system\Commands\Server\rewrite.php(34): require_once('C:\\xampp\\htdocs...')
#5 {main}
CRITICAL - 2020-07-01 15:25:45 --> Call to a member function getCountry() on null
#0 C:\xampp\htdocs\belajar\ci4\system\CodeIgniter.php(914): App\Controllers\Country->index()
#1 C:\xampp\htdocs\belajar\ci4\system\CodeIgniter.php(400): CodeIgniter\CodeIgniter->runController(Object(App\Controllers\Country))
#2 C:\xampp\htdocs\belajar\ci4\system\CodeIgniter.php(308): CodeIgniter\CodeIgniter->handleRequest(NULL, Object(Config\Cache), false)
#3 C:\xampp\htdocs\belajar\ci4\public\index.php(45): CodeIgniter\CodeIgniter->run()
#4 C:\xampp\htdocs\belajar\ci4\system\Commands\Server\rewrite.php(34): require_once('C:\\xampp\\htdocs...')
#5 {main}
CRITICAL - 2020-07-01 15:26:21 --> Call to a member function getCountry() on null
#0 C:\xampp\htdocs\belajar\ci4\system\CodeIgniter.php(914): App\Controllers\Country->index()
#1 C:\xampp\htdocs\belajar\ci4\system\CodeIgniter.php(400): CodeIgniter\CodeIgniter->runController(Object(App\Controllers\Country))
#2 C:\xampp\htdocs\belajar\ci4\system\CodeIgniter.php(308): CodeIgniter\CodeIgniter->handleRequest(NULL, Object(Config\Cache), false)
#3 C:\xampp\htdocs\belajar\ci4\public\index.php(45): CodeIgniter\CodeIgniter->run()
#4 C:\xampp\htdocs\belajar\ci4\system\Commands\Server\rewrite.php(34): require_once('C:\\xampp\\htdocs...')
#5 {main}
CRITICAL - 2020-07-01 15:26:22 --> Call to a member function getCountry() on null
#0 C:\xampp\htdocs\belajar\ci4\system\CodeIgniter.php(914): App\Controllers\Country->index()
#1 C:\xampp\htdocs\belajar\ci4\system\CodeIgniter.php(400): CodeIgniter\CodeIgniter->runController(Object(App\Controllers\Country))
#2 C:\xampp\htdocs\belajar\ci4\system\CodeIgniter.php(308): CodeIgniter\CodeIgniter->handleRequest(NULL, Object(Config\Cache), false)
#3 C:\xampp\htdocs\belajar\ci4\public\index.php(45): CodeIgniter\CodeIgniter->run()
#4 C:\xampp\htdocs\belajar\ci4\system\Commands\Server\rewrite.php(34): require_once('C:\\xampp\\htdocs...')
#5 {main}
CRITICAL - 2020-07-01 15:29:13 --> Undefined variable: model
#0 C:\xampp\htdocs\belajar\ci4\app\Controllers\Country.php(9): CodeIgniter\Debug\Exceptions->errorHandler(8, 'Undefined varia...', 'C:\\xampp\\htdocs...', 9, Array)
#1 C:\xampp\htdocs\belajar\ci4\system\CodeIgniter.php(914): App\Controllers\Country->index()
#2 C:\xampp\htdocs\belajar\ci4\system\CodeIgniter.php(400): CodeIgniter\CodeIgniter->runController(Object(App\Controllers\Country))
#3 C:\xampp\htdocs\belajar\ci4\system\CodeIgniter.php(308): CodeIgniter\CodeIgniter->handleRequest(NULL, Object(Config\Cache), false)
#4 C:\xampp\htdocs\belajar\ci4\public\index.php(45): CodeIgniter\CodeIgniter->run()
#5 C:\xampp\htdocs\belajar\ci4\system\Commands\Server\rewrite.php(34): require_once('C:\\xampp\\htdocs...')
#6 {main}
CRITICAL - 2020-07-01 15:30:38 --> Undefined variable: model
#0 C:\xampp\htdocs\belajar\ci4\app\Controllers\Country.php(9): CodeIgniter\Debug\Exceptions->errorHandler(8, 'Undefined varia...', 'C:\\xampp\\htdocs...', 9, Array)
#1 C:\xampp\htdocs\belajar\ci4\system\CodeIgniter.php(914): App\Controllers\Country->index()
#2 C:\xampp\htdocs\belajar\ci4\system\CodeIgniter.php(400): CodeIgniter\CodeIgniter->runController(Object(App\Controllers\Country))
#3 C:\xampp\htdocs\belajar\ci4\system\CodeIgniter.php(308): CodeIgniter\CodeIgniter->handleRequest(NULL, Object(Config\Cache), false)
#4 C:\xampp\htdocs\belajar\ci4\public\index.php(45): CodeIgniter\CodeIgniter->run()
#5 C:\xampp\htdocs\belajar\ci4\system\Commands\Server\rewrite.php(34): require_once('C:\\xampp\\htdocs...')
#6 {main}
CRITICAL - 2020-07-01 15:34:14 --> Undefined variable: model
#0 C:\xampp\htdocs\belajar\ci4\app\Controllers\Country.php(14): CodeIgniter\Debug\Exceptions->errorHandler(8, 'Undefined varia...', 'C:\\xampp\\htdocs...', 14, Array)
#1 C:\xampp\htdocs\belajar\ci4\system\CodeIgniter.php(914): App\Controllers\Country->index()
#2 C:\xampp\htdocs\belajar\ci4\system\CodeIgniter.php(400): CodeIgniter\CodeIgniter->runController(Object(App\Controllers\Country))
#3 C:\xampp\htdocs\belajar\ci4\system\CodeIgniter.php(308): CodeIgniter\CodeIgniter->handleRequest(NULL, Object(Config\Cache), false)
#4 C:\xampp\htdocs\belajar\ci4\public\index.php(45): CodeIgniter\CodeIgniter->run()
#5 C:\xampp\htdocs\belajar\ci4\system\Commands\Server\rewrite.php(34): require_once('C:\\xampp\\htdocs...')
#6 {main}
CRITICAL - 2020-07-01 15:34:52 --> Undefined variable: table
#0 C:\xampp\htdocs\belajar\ci4\app\Models\CountryModel.php(12): CodeIgniter\Debug\Exceptions->errorHandler(8, 'Undefined varia...', 'C:\\xampp\\htdocs...', 12, Array)
#1 C:\xampp\htdocs\belajar\ci4\app\Controllers\Country.php(14): App\Models\CountryModel->getCountry()
#2 C:\xampp\htdocs\belajar\ci4\system\CodeIgniter.php(914): App\Controllers\Country->index()
#3 C:\xampp\htdocs\belajar\ci4\system\CodeIgniter.php(400): CodeIgniter\CodeIgniter->runController(Object(App\Controllers\Country))
#4 C:\xampp\htdocs\belajar\ci4\system\CodeIgniter.php(308): CodeIgniter\CodeIgniter->handleRequest(NULL, Object(Config\Cache), false)
#5 C:\xampp\htdocs\belajar\ci4\public\index.php(45): CodeIgniter\CodeIgniter->run()
#6 C:\xampp\htdocs\belajar\ci4\system\Commands\Server\rewrite.php(34): require_once('C:\\xampp\\htdocs...')
#7 {main}
CRITICAL - 2020-07-01 16:15:33 --> Call to undefined method CodeIgniter\Database\MySQLi\Connection::get()
#0 C:\xampp\htdocs\belajar\ci4\app\Controllers\Country.php(15): App\Models\CountryModel->getCountry()
#1 C:\xampp\htdocs\belajar\ci4\system\CodeIgniter.php(914): App\Controllers\Country->index()
#2 C:\xampp\htdocs\belajar\ci4\system\CodeIgniter.php(400): CodeIgniter\CodeIgniter->runController(Object(App\Controllers\Country))
#3 C:\xampp\htdocs\belajar\ci4\system\CodeIgniter.php(308): CodeIgniter\CodeIgniter->handleRequest(NULL, Object(Config\Cache), false)
#4 C:\xampp\htdocs\belajar\ci4\public\index.php(45): CodeIgniter\CodeIgniter->run()
#5 C:\xampp\htdocs\belajar\ci4\system\Commands\Server\rewrite.php(34): require_once('C:\\xampp\\htdocs...')
#6 {main}
