CRITICAL - 2020-07-08 12:03:36 --> Call to undefined function form_error()
#0 C:\xampp\htdocs\belajar\ci4\system\View\View.php(246): include()
#1 C:\xampp\htdocs\belajar\ci4\system\Common.php(1087): CodeIgniter\View\View->render('country/form_ad...', Array, true)
#2 C:\xampp\htdocs\belajar\ci4\app\Controllers\Country.php(41): view('country/form_ad...')
#3 C:\xampp\htdocs\belajar\ci4\system\CodeIgniter.php(914): App\Controllers\Country->add()
#4 C:\xampp\htdocs\belajar\ci4\system\CodeIgniter.php(400): CodeIgniter\CodeIgniter->runController(Object(App\Controllers\Country))
#5 C:\xampp\htdocs\belajar\ci4\system\CodeIgniter.php(308): CodeIgniter\CodeIgniter->handleRequest(NULL, Object(Config\Cache), false)
#6 C:\xampp\htdocs\belajar\ci4\public\index.php(45): CodeIgniter\CodeIgniter->run()
#7 C:\xampp\htdocs\belajar\ci4\system\Commands\Server\rewrite.php(34): require_once('C:\\xampp\\htdocs...')
#8 {main}
CRITICAL - 2020-07-08 12:03:47 --> Call to undefined function form_error()
#0 C:\xampp\htdocs\belajar\ci4\system\View\View.php(246): include()
#1 C:\xampp\htdocs\belajar\ci4\system\Common.php(1087): CodeIgniter\View\View->render('country/form_ad...', Array, true)
#2 C:\xampp\htdocs\belajar\ci4\app\Controllers\Country.php(41): view('country/form_ad...')
#3 C:\xampp\htdocs\belajar\ci4\system\CodeIgniter.php(914): App\Controllers\Country->add()
#4 C:\xampp\htdocs\belajar\ci4\system\CodeIgniter.php(400): CodeIgniter\CodeIgniter->runController(Object(App\Controllers\Country))
#5 C:\xampp\htdocs\belajar\ci4\system\CodeIgniter.php(308): CodeIgniter\CodeIgniter->handleRequest(NULL, Object(Config\Cache), false)
#6 C:\xampp\htdocs\belajar\ci4\public\index.php(45): CodeIgniter\CodeIgniter->run()
#7 C:\xampp\htdocs\belajar\ci4\system\Commands\Server\rewrite.php(34): require_once('C:\\xampp\\htdocs...')
#8 {main}
CRITICAL - 2020-07-08 12:05:31 --> Call to undefined function form_error()
#0 C:\xampp\htdocs\belajar\ci4\system\View\View.php(246): include()
#1 C:\xampp\htdocs\belajar\ci4\system\Common.php(1087): CodeIgniter\View\View->render('country/form_ad...', Array, true)
#2 C:\xampp\htdocs\belajar\ci4\app\Controllers\Country.php(41): view('country/form_ad...')
#3 C:\xampp\htdocs\belajar\ci4\system\CodeIgniter.php(914): App\Controllers\Country->add()
#4 C:\xampp\htdocs\belajar\ci4\system\CodeIgniter.php(400): CodeIgniter\CodeIgniter->runController(Object(App\Controllers\Country))
#5 C:\xampp\htdocs\belajar\ci4\system\CodeIgniter.php(308): CodeIgniter\CodeIgniter->handleRequest(NULL, Object(Config\Cache), false)
#6 C:\xampp\htdocs\belajar\ci4\public\index.php(45): CodeIgniter\CodeIgniter->run()
#7 C:\xampp\htdocs\belajar\ci4\system\Commands\Server\rewrite.php(34): require_once('C:\\xampp\\htdocs...')
#8 {main}
CRITICAL - 2020-07-08 12:11:19 --> Call to undefined function form_error()
#0 C:\xampp\htdocs\belajar\ci4\system\View\View.php(246): include()
#1 C:\xampp\htdocs\belajar\ci4\system\Common.php(1087): CodeIgniter\View\View->render('country/form_ad...', Array, true)
#2 C:\xampp\htdocs\belajar\ci4\app\Controllers\Country.php(41): view('country/form_ad...')
#3 C:\xampp\htdocs\belajar\ci4\system\CodeIgniter.php(914): App\Controllers\Country->add()
#4 C:\xampp\htdocs\belajar\ci4\system\CodeIgniter.php(400): CodeIgniter\CodeIgniter->runController(Object(App\Controllers\Country))
#5 C:\xampp\htdocs\belajar\ci4\system\CodeIgniter.php(308): CodeIgniter\CodeIgniter->handleRequest(NULL, Object(Config\Cache), false)
#6 C:\xampp\htdocs\belajar\ci4\public\index.php(45): CodeIgniter\CodeIgniter->run()
#7 C:\xampp\htdocs\belajar\ci4\system\Commands\Server\rewrite.php(34): require_once('C:\\xampp\\htdocs...')
#8 {main}
CRITICAL - 2020-07-08 12:11:58 --> Call to undefined function form_error()
#0 C:\xampp\htdocs\belajar\ci4\system\View\View.php(246): include()
#1 C:\xampp\htdocs\belajar\ci4\system\Common.php(1087): CodeIgniter\View\View->render('country/form_ad...', Array, true)
#2 C:\xampp\htdocs\belajar\ci4\app\Controllers\Country.php(41): view('country/form_ad...')
#3 C:\xampp\htdocs\belajar\ci4\system\CodeIgniter.php(914): App\Controllers\Country->add()
#4 C:\xampp\htdocs\belajar\ci4\system\CodeIgniter.php(400): CodeIgniter\CodeIgniter->runController(Object(App\Controllers\Country))
#5 C:\xampp\htdocs\belajar\ci4\system\CodeIgniter.php(308): CodeIgniter\CodeIgniter->handleRequest(NULL, Object(Config\Cache), false)
#6 C:\xampp\htdocs\belajar\ci4\public\index.php(45): CodeIgniter\CodeIgniter->run()
#7 C:\xampp\htdocs\belajar\ci4\system\Commands\Server\rewrite.php(34): require_once('C:\\xampp\\htdocs...')
#8 {main}
CRITICAL - 2020-07-08 12:12:12 --> Call to undefined function form_error()
#0 C:\xampp\htdocs\belajar\ci4\system\View\View.php(246): include()
#1 C:\xampp\htdocs\belajar\ci4\system\Common.php(1087): CodeIgniter\View\View->render('country/form_ad...', Array, true)
#2 C:\xampp\htdocs\belajar\ci4\app\Controllers\Country.php(41): view('country/form_ad...')
#3 C:\xampp\htdocs\belajar\ci4\system\CodeIgniter.php(914): App\Controllers\Country->add()
#4 C:\xampp\htdocs\belajar\ci4\system\CodeIgniter.php(400): CodeIgniter\CodeIgniter->runController(Object(App\Controllers\Country))
#5 C:\xampp\htdocs\belajar\ci4\system\CodeIgniter.php(308): CodeIgniter\CodeIgniter->handleRequest(NULL, Object(Config\Cache), false)
#6 C:\xampp\htdocs\belajar\ci4\public\index.php(45): CodeIgniter\CodeIgniter->run()
#7 C:\xampp\htdocs\belajar\ci4\system\Commands\Server\rewrite.php(34): require_once('C:\\xampp\\htdocs...')
#8 {main}
CRITICAL - 2020-07-08 12:12:16 --> Call to undefined function form_error()
#0 C:\xampp\htdocs\belajar\ci4\system\View\View.php(246): include()
#1 C:\xampp\htdocs\belajar\ci4\system\Common.php(1087): CodeIgniter\View\View->render('country/form_ad...', Array, true)
#2 C:\xampp\htdocs\belajar\ci4\app\Controllers\Country.php(41): view('country/form_ad...')
#3 C:\xampp\htdocs\belajar\ci4\system\CodeIgniter.php(914): App\Controllers\Country->add()
#4 C:\xampp\htdocs\belajar\ci4\system\CodeIgniter.php(400): CodeIgniter\CodeIgniter->runController(Object(App\Controllers\Country))
#5 C:\xampp\htdocs\belajar\ci4\system\CodeIgniter.php(308): CodeIgniter\CodeIgniter->handleRequest(NULL, Object(Config\Cache), false)
#6 C:\xampp\htdocs\belajar\ci4\public\index.php(45): CodeIgniter\CodeIgniter->run()
#7 C:\xampp\htdocs\belajar\ci4\system\Commands\Server\rewrite.php(34): require_once('C:\\xampp\\htdocs...')
#8 {main}
CRITICAL - 2020-07-08 12:12:59 --> Undefined variable: error1
#0 C:\xampp\htdocs\belajar\ci4\app\Views\country\form_add_country.php(30): CodeIgniter\Debug\Exceptions->errorHandler(8, 'Undefined varia...', 'C:\\xampp\\htdocs...', 30, Array)
#1 C:\xampp\htdocs\belajar\ci4\system\View\View.php(246): include('C:\\xampp\\htdocs...')
#2 C:\xampp\htdocs\belajar\ci4\system\Common.php(1087): CodeIgniter\View\View->render('country/form_ad...', Array, true)
#3 C:\xampp\htdocs\belajar\ci4\app\Controllers\Country.php(41): view('country/form_ad...')
#4 C:\xampp\htdocs\belajar\ci4\system\CodeIgniter.php(914): App\Controllers\Country->add()
#5 C:\xampp\htdocs\belajar\ci4\system\CodeIgniter.php(400): CodeIgniter\CodeIgniter->runController(Object(App\Controllers\Country))
#6 C:\xampp\htdocs\belajar\ci4\system\CodeIgniter.php(308): CodeIgniter\CodeIgniter->handleRequest(NULL, Object(Config\Cache), false)
#7 C:\xampp\htdocs\belajar\ci4\public\index.php(45): CodeIgniter\CodeIgniter->run()
#8 C:\xampp\htdocs\belajar\ci4\system\Commands\Server\rewrite.php(34): require_once('C:\\xampp\\htdocs...')
#9 {main}
CRITICAL - 2020-07-08 12:13:42 --> Call to undefined function form_error()
#0 C:\xampp\htdocs\belajar\ci4\system\View\View.php(246): include()
#1 C:\xampp\htdocs\belajar\ci4\system\Common.php(1087): CodeIgniter\View\View->render('country/form_ad...', Array, true)
#2 C:\xampp\htdocs\belajar\ci4\app\Controllers\Country.php(41): view('country/form_ad...')
#3 C:\xampp\htdocs\belajar\ci4\system\CodeIgniter.php(914): App\Controllers\Country->add()
#4 C:\xampp\htdocs\belajar\ci4\system\CodeIgniter.php(400): CodeIgniter\CodeIgniter->runController(Object(App\Controllers\Country))
#5 C:\xampp\htdocs\belajar\ci4\system\CodeIgniter.php(308): CodeIgniter\CodeIgniter->handleRequest(NULL, Object(Config\Cache), false)
#6 C:\xampp\htdocs\belajar\ci4\public\index.php(45): CodeIgniter\CodeIgniter->run()
#7 C:\xampp\htdocs\belajar\ci4\system\Commands\Server\rewrite.php(34): require_once('C:\\xampp\\htdocs...')
#8 {main}
CRITICAL - 2020-07-08 12:15:02 --> Undefined property: CodeIgniter\View\View::$request
#0 C:\xampp\htdocs\belajar\ci4\app\Views\country\form_add_country.php(30): CodeIgniter\Debug\Exceptions->errorHandler(8, 'Undefined prope...', 'C:\\xampp\\htdocs...', 30, Array)
#1 C:\xampp\htdocs\belajar\ci4\system\View\View.php(246): include('C:\\xampp\\htdocs...')
#2 C:\xampp\htdocs\belajar\ci4\system\Common.php(1087): CodeIgniter\View\View->render('country/form_ad...', Array, true)
#3 C:\xampp\htdocs\belajar\ci4\app\Controllers\Country.php(41): view('country/form_ad...')
#4 C:\xampp\htdocs\belajar\ci4\system\CodeIgniter.php(914): App\Controllers\Country->add()
#5 C:\xampp\htdocs\belajar\ci4\system\CodeIgniter.php(400): CodeIgniter\CodeIgniter->runController(Object(App\Controllers\Country))
#6 C:\xampp\htdocs\belajar\ci4\system\CodeIgniter.php(308): CodeIgniter\CodeIgniter->handleRequest(NULL, Object(Config\Cache), false)
#7 C:\xampp\htdocs\belajar\ci4\public\index.php(45): CodeIgniter\CodeIgniter->run()
#8 C:\xampp\htdocs\belajar\ci4\system\Commands\Server\rewrite.php(34): require_once('C:\\xampp\\htdocs...')
#9 {main}
CRITICAL - 2020-07-08 12:16:36 --> Call to undefined function form_error()
#0 C:\xampp\htdocs\belajar\ci4\system\View\View.php(246): include()
#1 C:\xampp\htdocs\belajar\ci4\system\Common.php(1087): CodeIgniter\View\View->render('country/form_ad...', Array, true)
#2 C:\xampp\htdocs\belajar\ci4\app\Controllers\Country.php(41): view('country/form_ad...')
#3 C:\xampp\htdocs\belajar\ci4\system\CodeIgniter.php(914): App\Controllers\Country->add()
#4 C:\xampp\htdocs\belajar\ci4\system\CodeIgniter.php(400): CodeIgniter\CodeIgniter->runController(Object(App\Controllers\Country))
#5 C:\xampp\htdocs\belajar\ci4\system\CodeIgniter.php(308): CodeIgniter\CodeIgniter->handleRequest(NULL, Object(Config\Cache), false)
#6 C:\xampp\htdocs\belajar\ci4\public\index.php(45): CodeIgniter\CodeIgniter->run()
#7 C:\xampp\htdocs\belajar\ci4\system\Commands\Server\rewrite.php(34): require_once('C:\\xampp\\htdocs...')
#8 {main}
CRITICAL - 2020-07-08 12:16:55 --> Undefined variable: error2
#0 C:\xampp\htdocs\belajar\ci4\app\Views\country\form_add_country.php(33): CodeIgniter\Debug\Exceptions->errorHandler(8, 'Undefined varia...', 'C:\\xampp\\htdocs...', 33, Array)
#1 C:\xampp\htdocs\belajar\ci4\system\View\View.php(246): include('C:\\xampp\\htdocs...')
#2 C:\xampp\htdocs\belajar\ci4\system\Common.php(1087): CodeIgniter\View\View->render('country/form_ad...', Array, true)
#3 C:\xampp\htdocs\belajar\ci4\app\Controllers\Country.php(41): view('country/form_ad...')
#4 C:\xampp\htdocs\belajar\ci4\system\CodeIgniter.php(914): App\Controllers\Country->add()
#5 C:\xampp\htdocs\belajar\ci4\system\CodeIgniter.php(400): CodeIgniter\CodeIgniter->runController(Object(App\Controllers\Country))
#6 C:\xampp\htdocs\belajar\ci4\system\CodeIgniter.php(308): CodeIgniter\CodeIgniter->handleRequest(NULL, Object(Config\Cache), false)
#7 C:\xampp\htdocs\belajar\ci4\public\index.php(45): CodeIgniter\CodeIgniter->run()
#8 C:\xampp\htdocs\belajar\ci4\system\Commands\Server\rewrite.php(34): require_once('C:\\xampp\\htdocs...')
#9 {main}
CRITICAL - 2020-07-08 12:16:57 --> Undefined variable: error2
#0 C:\xampp\htdocs\belajar\ci4\app\Views\country\form_add_country.php(33): CodeIgniter\Debug\Exceptions->errorHandler(8, 'Undefined varia...', 'C:\\xampp\\htdocs...', 33, Array)
#1 C:\xampp\htdocs\belajar\ci4\system\View\View.php(246): include('C:\\xampp\\htdocs...')
#2 C:\xampp\htdocs\belajar\ci4\system\Common.php(1087): CodeIgniter\View\View->render('country/form_ad...', Array, true)
#3 C:\xampp\htdocs\belajar\ci4\app\Controllers\Country.php(41): view('country/form_ad...')
#4 C:\xampp\htdocs\belajar\ci4\system\CodeIgniter.php(914): App\Controllers\Country->add()
#5 C:\xampp\htdocs\belajar\ci4\system\CodeIgniter.php(400): CodeIgniter\CodeIgniter->runController(Object(App\Controllers\Country))
#6 C:\xampp\htdocs\belajar\ci4\system\CodeIgniter.php(308): CodeIgniter\CodeIgniter->handleRequest(NULL, Object(Config\Cache), false)
#7 C:\xampp\htdocs\belajar\ci4\public\index.php(45): CodeIgniter\CodeIgniter->run()
#8 C:\xampp\htdocs\belajar\ci4\system\Commands\Server\rewrite.php(34): require_once('C:\\xampp\\htdocs...')
#9 {main}
CRITICAL - 2020-07-08 12:18:00 --> Undefined property: CodeIgniter\View\View::$request
#0 C:\xampp\htdocs\belajar\ci4\app\Views\country\form_add_country.php(30): CodeIgniter\Debug\Exceptions->errorHandler(8, 'Undefined prope...', 'C:\\xampp\\htdocs...', 30, Array)
#1 C:\xampp\htdocs\belajar\ci4\system\View\View.php(246): include('C:\\xampp\\htdocs...')
#2 C:\xampp\htdocs\belajar\ci4\system\Common.php(1087): CodeIgniter\View\View->render('country/form_ad...', Array, true)
#3 C:\xampp\htdocs\belajar\ci4\app\Controllers\Country.php(41): view('country/form_ad...')
#4 C:\xampp\htdocs\belajar\ci4\system\CodeIgniter.php(914): App\Controllers\Country->add()
#5 C:\xampp\htdocs\belajar\ci4\system\CodeIgniter.php(400): CodeIgniter\CodeIgniter->runController(Object(App\Controllers\Country))
#6 C:\xampp\htdocs\belajar\ci4\system\CodeIgniter.php(308): CodeIgniter\CodeIgniter->handleRequest(NULL, Object(Config\Cache), false)
#7 C:\xampp\htdocs\belajar\ci4\public\index.php(45): CodeIgniter\CodeIgniter->run()
#8 C:\xampp\htdocs\belajar\ci4\system\Commands\Server\rewrite.php(34): require_once('C:\\xampp\\htdocs...')
#9 {main}
CRITICAL - 2020-07-08 12:18:03 --> Undefined property: CodeIgniter\View\View::$request
#0 C:\xampp\htdocs\belajar\ci4\app\Views\country\form_add_country.php(30): CodeIgniter\Debug\Exceptions->errorHandler(8, 'Undefined prope...', 'C:\\xampp\\htdocs...', 30, Array)
#1 C:\xampp\htdocs\belajar\ci4\system\View\View.php(246): include('C:\\xampp\\htdocs...')
#2 C:\xampp\htdocs\belajar\ci4\system\Common.php(1087): CodeIgniter\View\View->render('country/form_ad...', Array, true)
#3 C:\xampp\htdocs\belajar\ci4\app\Controllers\Country.php(41): view('country/form_ad...')
#4 C:\xampp\htdocs\belajar\ci4\system\CodeIgniter.php(914): App\Controllers\Country->add()
#5 C:\xampp\htdocs\belajar\ci4\system\CodeIgniter.php(400): CodeIgniter\CodeIgniter->runController(Object(App\Controllers\Country))
#6 C:\xampp\htdocs\belajar\ci4\system\CodeIgniter.php(308): CodeIgniter\CodeIgniter->handleRequest(NULL, Object(Config\Cache), false)
#7 C:\xampp\htdocs\belajar\ci4\public\index.php(45): CodeIgniter\CodeIgniter->run()
#8 C:\xampp\htdocs\belajar\ci4\system\Commands\Server\rewrite.php(34): require_once('C:\\xampp\\htdocs...')
#9 {main}
CRITICAL - 2020-07-08 12:18:49 --> Call to undefined function form_error()
#0 C:\xampp\htdocs\belajar\ci4\system\View\View.php(246): include()
#1 C:\xampp\htdocs\belajar\ci4\system\Common.php(1087): CodeIgniter\View\View->render('country/form_ad...', Array, true)
#2 C:\xampp\htdocs\belajar\ci4\app\Controllers\Country.php(41): view('country/form_ad...')
#3 C:\xampp\htdocs\belajar\ci4\system\CodeIgniter.php(914): App\Controllers\Country->add()
#4 C:\xampp\htdocs\belajar\ci4\system\CodeIgniter.php(400): CodeIgniter\CodeIgniter->runController(Object(App\Controllers\Country))
#5 C:\xampp\htdocs\belajar\ci4\system\CodeIgniter.php(308): CodeIgniter\CodeIgniter->handleRequest(NULL, Object(Config\Cache), false)
#6 C:\xampp\htdocs\belajar\ci4\public\index.php(45): CodeIgniter\CodeIgniter->run()
#7 C:\xampp\htdocs\belajar\ci4\system\Commands\Server\rewrite.php(34): require_once('C:\\xampp\\htdocs...')
#8 {main}
CRITICAL - 2020-07-08 12:18:50 --> Call to undefined function form_error()
#0 C:\xampp\htdocs\belajar\ci4\system\View\View.php(246): include()
#1 C:\xampp\htdocs\belajar\ci4\system\Common.php(1087): CodeIgniter\View\View->render('country/form_ad...', Array, true)
#2 C:\xampp\htdocs\belajar\ci4\app\Controllers\Country.php(41): view('country/form_ad...')
#3 C:\xampp\htdocs\belajar\ci4\system\CodeIgniter.php(914): App\Controllers\Country->add()
#4 C:\xampp\htdocs\belajar\ci4\system\CodeIgniter.php(400): CodeIgniter\CodeIgniter->runController(Object(App\Controllers\Country))
#5 C:\xampp\htdocs\belajar\ci4\system\CodeIgniter.php(308): CodeIgniter\CodeIgniter->handleRequest(NULL, Object(Config\Cache), false)
#6 C:\xampp\htdocs\belajar\ci4\public\index.php(45): CodeIgniter\CodeIgniter->run()
#7 C:\xampp\htdocs\belajar\ci4\system\Commands\Server\rewrite.php(34): require_once('C:\\xampp\\htdocs...')
#8 {main}
CRITICAL - 2020-07-08 12:19:34 --> Call to undefined function form_error()
#0 C:\xampp\htdocs\belajar\ci4\system\View\View.php(246): include()
#1 C:\xampp\htdocs\belajar\ci4\system\Common.php(1087): CodeIgniter\View\View->render('country/form_ad...', Array, true)
#2 C:\xampp\htdocs\belajar\ci4\app\Controllers\Country.php(41): view('country/form_ad...')
#3 C:\xampp\htdocs\belajar\ci4\system\CodeIgniter.php(914): App\Controllers\Country->add()
#4 C:\xampp\htdocs\belajar\ci4\system\CodeIgniter.php(400): CodeIgniter\CodeIgniter->runController(Object(App\Controllers\Country))
#5 C:\xampp\htdocs\belajar\ci4\system\CodeIgniter.php(308): CodeIgniter\CodeIgniter->handleRequest(NULL, Object(Config\Cache), false)
#6 C:\xampp\htdocs\belajar\ci4\public\index.php(45): CodeIgniter\CodeIgniter->run()
#7 C:\xampp\htdocs\belajar\ci4\system\Commands\Server\rewrite.php(34): require_once('C:\\xampp\\htdocs...')
#8 {main}
CRITICAL - 2020-07-08 13:22:08 --> Undefined property: CodeIgniter\View\View::$request
#0 C:\xampp\htdocs\belajar\ci4\app\Views\country\form_add_country.php(30): CodeIgniter\Debug\Exceptions->errorHandler(8, 'Undefined prope...', 'C:\\xampp\\htdocs...', 30, Array)
#1 C:\xampp\htdocs\belajar\ci4\system\View\View.php(246): include('C:\\xampp\\htdocs...')
#2 C:\xampp\htdocs\belajar\ci4\system\Common.php(1087): CodeIgniter\View\View->render('country/form_ad...', Array, true)
#3 C:\xampp\htdocs\belajar\ci4\app\Controllers\Country.php(41): view('country/form_ad...')
#4 C:\xampp\htdocs\belajar\ci4\system\CodeIgniter.php(914): App\Controllers\Country->add()
#5 C:\xampp\htdocs\belajar\ci4\system\CodeIgniter.php(400): CodeIgniter\CodeIgniter->runController(Object(App\Controllers\Country))
#6 C:\xampp\htdocs\belajar\ci4\system\CodeIgniter.php(308): CodeIgniter\CodeIgniter->handleRequest(NULL, Object(Config\Cache), false)
#7 C:\xampp\htdocs\belajar\ci4\public\index.php(45): CodeIgniter\CodeIgniter->run()
#8 C:\xampp\htdocs\belajar\ci4\system\Commands\Server\rewrite.php(34): require_once('C:\\xampp\\htdocs...')
#9 {main}
CRITICAL - 2020-07-08 13:22:24 --> Call to a member function getPost() on null
#0 C:\xampp\htdocs\belajar\ci4\system\View\View.php(246): include()
#1 C:\xampp\htdocs\belajar\ci4\system\Common.php(1087): CodeIgniter\View\View->render('country/form_ad...', Array, true)
#2 C:\xampp\htdocs\belajar\ci4\app\Controllers\Country.php(41): view('country/form_ad...')
#3 C:\xampp\htdocs\belajar\ci4\system\CodeIgniter.php(914): App\Controllers\Country->add()
#4 C:\xampp\htdocs\belajar\ci4\system\CodeIgniter.php(400): CodeIgniter\CodeIgniter->runController(Object(App\Controllers\Country))
#5 C:\xampp\htdocs\belajar\ci4\system\CodeIgniter.php(308): CodeIgniter\CodeIgniter->handleRequest(NULL, Object(Config\Cache), false)
#6 C:\xampp\htdocs\belajar\ci4\public\index.php(45): CodeIgniter\CodeIgniter->run()
#7 C:\xampp\htdocs\belajar\ci4\system\Commands\Server\rewrite.php(34): require_once('C:\\xampp\\htdocs...')
#8 {main}
CRITICAL - 2020-07-08 13:22:25 --> Call to a member function getPost() on null
#0 C:\xampp\htdocs\belajar\ci4\system\View\View.php(246): include()
#1 C:\xampp\htdocs\belajar\ci4\system\Common.php(1087): CodeIgniter\View\View->render('country/form_ad...', Array, true)
#2 C:\xampp\htdocs\belajar\ci4\app\Controllers\Country.php(41): view('country/form_ad...')
#3 C:\xampp\htdocs\belajar\ci4\system\CodeIgniter.php(914): App\Controllers\Country->add()
#4 C:\xampp\htdocs\belajar\ci4\system\CodeIgniter.php(400): CodeIgniter\CodeIgniter->runController(Object(App\Controllers\Country))
#5 C:\xampp\htdocs\belajar\ci4\system\CodeIgniter.php(308): CodeIgniter\CodeIgniter->handleRequest(NULL, Object(Config\Cache), false)
#6 C:\xampp\htdocs\belajar\ci4\public\index.php(45): CodeIgniter\CodeIgniter->run()
#7 C:\xampp\htdocs\belajar\ci4\system\Commands\Server\rewrite.php(34): require_once('C:\\xampp\\htdocs...')
#8 {main}
CRITICAL - 2020-07-08 13:22:26 --> Call to a member function getPost() on null
#0 C:\xampp\htdocs\belajar\ci4\system\View\View.php(246): include()
#1 C:\xampp\htdocs\belajar\ci4\system\Common.php(1087): CodeIgniter\View\View->render('country/form_ad...', Array, true)
#2 C:\xampp\htdocs\belajar\ci4\app\Controllers\Country.php(41): view('country/form_ad...')
#3 C:\xampp\htdocs\belajar\ci4\system\CodeIgniter.php(914): App\Controllers\Country->add()
#4 C:\xampp\htdocs\belajar\ci4\system\CodeIgniter.php(400): CodeIgniter\CodeIgniter->runController(Object(App\Controllers\Country))
#5 C:\xampp\htdocs\belajar\ci4\system\CodeIgniter.php(308): CodeIgniter\CodeIgniter->handleRequest(NULL, Object(Config\Cache), false)
#6 C:\xampp\htdocs\belajar\ci4\public\index.php(45): CodeIgniter\CodeIgniter->run()
#7 C:\xampp\htdocs\belajar\ci4\system\Commands\Server\rewrite.php(34): require_once('C:\\xampp\\htdocs...')
#8 {main}
CRITICAL - 2020-07-08 13:23:36 --> Undefined variable: request
#0 C:\xampp\htdocs\belajar\ci4\app\Views\country\form_add_country.php(30): CodeIgniter\Debug\Exceptions->errorHandler(8, 'Undefined varia...', 'C:\\xampp\\htdocs...', 30, Array)
#1 C:\xampp\htdocs\belajar\ci4\system\View\View.php(246): include('C:\\xampp\\htdocs...')
#2 C:\xampp\htdocs\belajar\ci4\system\Common.php(1087): CodeIgniter\View\View->render('country/form_ad...', Array, true)
#3 C:\xampp\htdocs\belajar\ci4\app\Controllers\Country.php(41): view('country/form_ad...')
#4 C:\xampp\htdocs\belajar\ci4\system\CodeIgniter.php(914): App\Controllers\Country->add()
#5 C:\xampp\htdocs\belajar\ci4\system\CodeIgniter.php(400): CodeIgniter\CodeIgniter->runController(Object(App\Controllers\Country))
#6 C:\xampp\htdocs\belajar\ci4\system\CodeIgniter.php(308): CodeIgniter\CodeIgniter->handleRequest(NULL, Object(Config\Cache), false)
#7 C:\xampp\htdocs\belajar\ci4\public\index.php(45): CodeIgniter\CodeIgniter->run()
#8 C:\xampp\htdocs\belajar\ci4\system\Commands\Server\rewrite.php(34): require_once('C:\\xampp\\htdocs...')
#9 {main}
CRITICAL - 2020-07-08 13:23:37 --> Undefined variable: request
#0 C:\xampp\htdocs\belajar\ci4\app\Views\country\form_add_country.php(30): CodeIgniter\Debug\Exceptions->errorHandler(8, 'Undefined varia...', 'C:\\xampp\\htdocs...', 30, Array)
#1 C:\xampp\htdocs\belajar\ci4\system\View\View.php(246): include('C:\\xampp\\htdocs...')
#2 C:\xampp\htdocs\belajar\ci4\system\Common.php(1087): CodeIgniter\View\View->render('country/form_ad...', Array, true)
#3 C:\xampp\htdocs\belajar\ci4\app\Controllers\Country.php(41): view('country/form_ad...')
#4 C:\xampp\htdocs\belajar\ci4\system\CodeIgniter.php(914): App\Controllers\Country->add()
#5 C:\xampp\htdocs\belajar\ci4\system\CodeIgniter.php(400): CodeIgniter\CodeIgniter->runController(Object(App\Controllers\Country))
#6 C:\xampp\htdocs\belajar\ci4\system\CodeIgniter.php(308): CodeIgniter\CodeIgniter->handleRequest(NULL, Object(Config\Cache), false)
#7 C:\xampp\htdocs\belajar\ci4\public\index.php(45): CodeIgniter\CodeIgniter->run()
#8 C:\xampp\htdocs\belajar\ci4\system\Commands\Server\rewrite.php(34): require_once('C:\\xampp\\htdocs...')
#9 {main}
CRITICAL - 2020-07-08 13:24:35 --> Call to a member function getPost() on null
#0 C:\xampp\htdocs\belajar\ci4\system\View\View.php(246): include()
#1 C:\xampp\htdocs\belajar\ci4\system\Common.php(1087): CodeIgniter\View\View->render('country/form_ad...', Array, true)
#2 C:\xampp\htdocs\belajar\ci4\app\Controllers\Country.php(41): view('country/form_ad...')
#3 C:\xampp\htdocs\belajar\ci4\system\CodeIgniter.php(914): App\Controllers\Country->add()
#4 C:\xampp\htdocs\belajar\ci4\system\CodeIgniter.php(400): CodeIgniter\CodeIgniter->runController(Object(App\Controllers\Country))
#5 C:\xampp\htdocs\belajar\ci4\system\CodeIgniter.php(308): CodeIgniter\CodeIgniter->handleRequest(NULL, Object(Config\Cache), false)
#6 C:\xampp\htdocs\belajar\ci4\public\index.php(45): CodeIgniter\CodeIgniter->run()
#7 C:\xampp\htdocs\belajar\ci4\system\Commands\Server\rewrite.php(34): require_once('C:\\xampp\\htdocs...')
#8 {main}
CRITICAL - 2020-07-08 13:26:04 --> Call to a member function getPost() on null
#0 C:\xampp\htdocs\belajar\ci4\system\View\View.php(246): include()
#1 C:\xampp\htdocs\belajar\ci4\system\Common.php(1087): CodeIgniter\View\View->render('country/form_ad...', Array, true)
#2 C:\xampp\htdocs\belajar\ci4\app\Controllers\Country.php(41): view('country/form_ad...')
#3 C:\xampp\htdocs\belajar\ci4\system\CodeIgniter.php(914): App\Controllers\Country->add()
#4 C:\xampp\htdocs\belajar\ci4\system\CodeIgniter.php(400): CodeIgniter\CodeIgniter->runController(Object(App\Controllers\Country))
#5 C:\xampp\htdocs\belajar\ci4\system\CodeIgniter.php(308): CodeIgniter\CodeIgniter->handleRequest(NULL, Object(Config\Cache), false)
#6 C:\xampp\htdocs\belajar\ci4\public\index.php(45): CodeIgniter\CodeIgniter->run()
#7 C:\xampp\htdocs\belajar\ci4\system\Commands\Server\rewrite.php(34): require_once('C:\\xampp\\htdocs...')
#8 {main}
CRITICAL - 2020-07-08 13:27:36 --> Undefined index: country_alpha2_code
#0 C:\xampp\htdocs\belajar\ci4\app\Views\country\form_add_country.php(30): CodeIgniter\Debug\Exceptions->errorHandler(8, 'Undefined index...', 'C:\\xampp\\htdocs...', 30, Array)
#1 C:\xampp\htdocs\belajar\ci4\system\View\View.php(246): include('C:\\xampp\\htdocs...')
#2 C:\xampp\htdocs\belajar\ci4\system\Common.php(1087): CodeIgniter\View\View->render('country/form_ad...', Array, true)
#3 C:\xampp\htdocs\belajar\ci4\app\Controllers\Country.php(41): view('country/form_ad...')
#4 C:\xampp\htdocs\belajar\ci4\system\CodeIgniter.php(914): App\Controllers\Country->add()
#5 C:\xampp\htdocs\belajar\ci4\system\CodeIgniter.php(400): CodeIgniter\CodeIgniter->runController(Object(App\Controllers\Country))
#6 C:\xampp\htdocs\belajar\ci4\system\CodeIgniter.php(308): CodeIgniter\CodeIgniter->handleRequest(NULL, Object(Config\Cache), false)
#7 C:\xampp\htdocs\belajar\ci4\public\index.php(45): CodeIgniter\CodeIgniter->run()
#8 C:\xampp\htdocs\belajar\ci4\system\Commands\Server\rewrite.php(34): require_once('C:\\xampp\\htdocs...')
#9 {main}
CRITICAL - 2020-07-08 13:27:39 --> Undefined index: country_alpha2_code
#0 C:\xampp\htdocs\belajar\ci4\app\Views\country\form_add_country.php(30): CodeIgniter\Debug\Exceptions->errorHandler(8, 'Undefined index...', 'C:\\xampp\\htdocs...', 30, Array)
#1 C:\xampp\htdocs\belajar\ci4\system\View\View.php(246): include('C:\\xampp\\htdocs...')
#2 C:\xampp\htdocs\belajar\ci4\system\Common.php(1087): CodeIgniter\View\View->render('country/form_ad...', Array, true)
#3 C:\xampp\htdocs\belajar\ci4\app\Controllers\Country.php(41): view('country/form_ad...')
#4 C:\xampp\htdocs\belajar\ci4\system\CodeIgniter.php(914): App\Controllers\Country->add()
#5 C:\xampp\htdocs\belajar\ci4\system\CodeIgniter.php(400): CodeIgniter\CodeIgniter->runController(Object(App\Controllers\Country))
#6 C:\xampp\htdocs\belajar\ci4\system\CodeIgniter.php(308): CodeIgniter\CodeIgniter->handleRequest(NULL, Object(Config\Cache), false)
#7 C:\xampp\htdocs\belajar\ci4\public\index.php(45): CodeIgniter\CodeIgniter->run()
#8 C:\xampp\htdocs\belajar\ci4\system\Commands\Server\rewrite.php(34): require_once('C:\\xampp\\htdocs...')
#9 {main}
CRITICAL - 2020-07-08 15:32:48 --> Undefined property: CodeIgniter\View\View::$response
#0 C:\xampp\htdocs\belajar\ci4\app\Views\country\form_add_country.php(30): CodeIgniter\Debug\Exceptions->errorHandler(8, 'Undefined prope...', 'C:\\xampp\\htdocs...', 30, Array)
#1 C:\xampp\htdocs\belajar\ci4\system\View\View.php(246): include('C:\\xampp\\htdocs...')
#2 C:\xampp\htdocs\belajar\ci4\system\Common.php(1087): CodeIgniter\View\View->render('country/form_ad...', Array, true)
#3 C:\xampp\htdocs\belajar\ci4\app\Controllers\Country.php(41): view('country/form_ad...')
#4 C:\xampp\htdocs\belajar\ci4\system\CodeIgniter.php(914): App\Controllers\Country->add()
#5 C:\xampp\htdocs\belajar\ci4\system\CodeIgniter.php(400): CodeIgniter\CodeIgniter->runController(Object(App\Controllers\Country))
#6 C:\xampp\htdocs\belajar\ci4\system\CodeIgniter.php(308): CodeIgniter\CodeIgniter->handleRequest(NULL, Object(Config\Cache), false)
#7 C:\xampp\htdocs\belajar\ci4\public\index.php(45): CodeIgniter\CodeIgniter->run()
#8 C:\xampp\htdocs\belajar\ci4\system\Commands\Server\rewrite.php(34): require_once('C:\\xampp\\htdocs...')
#9 {main}
CRITICAL - 2020-07-08 15:33:04 --> Undefined variable: request
#0 C:\xampp\htdocs\belajar\ci4\app\Views\country\form_add_country.php(30): CodeIgniter\Debug\Exceptions->errorHandler(8, 'Undefined varia...', 'C:\\xampp\\htdocs...', 30, Array)
#1 C:\xampp\htdocs\belajar\ci4\system\View\View.php(246): include('C:\\xampp\\htdocs...')
#2 C:\xampp\htdocs\belajar\ci4\system\Common.php(1087): CodeIgniter\View\View->render('country/form_ad...', Array, true)
#3 C:\xampp\htdocs\belajar\ci4\app\Controllers\Country.php(41): view('country/form_ad...')
#4 C:\xampp\htdocs\belajar\ci4\system\CodeIgniter.php(914): App\Controllers\Country->add()
#5 C:\xampp\htdocs\belajar\ci4\system\CodeIgniter.php(400): CodeIgniter\CodeIgniter->runController(Object(App\Controllers\Country))
#6 C:\xampp\htdocs\belajar\ci4\system\CodeIgniter.php(308): CodeIgniter\CodeIgniter->handleRequest(NULL, Object(Config\Cache), false)
#7 C:\xampp\htdocs\belajar\ci4\public\index.php(45): CodeIgniter\CodeIgniter->run()
#8 C:\xampp\htdocs\belajar\ci4\system\Commands\Server\rewrite.php(34): require_once('C:\\xampp\\htdocs...')
#9 {main}
CRITICAL - 2020-07-08 16:00:22 --> Call to undefined method CodeIgniter\Database\MySQLi\Connection::get()
#0 C:\xampp\htdocs\belajar\ci4\app\Controllers\Country.php(16): App\Models\CountryModel->getCountry()
#1 C:\xampp\htdocs\belajar\ci4\system\CodeIgniter.php(914): App\Controllers\Country->index()
#2 C:\xampp\htdocs\belajar\ci4\system\CodeIgniter.php(400): CodeIgniter\CodeIgniter->runController(Object(App\Controllers\Country))
#3 C:\xampp\htdocs\belajar\ci4\system\CodeIgniter.php(308): CodeIgniter\CodeIgniter->handleRequest(NULL, Object(Config\Cache), false)
#4 C:\xampp\htdocs\belajar\ci4\public\index.php(45): CodeIgniter\CodeIgniter->run()
#5 C:\xampp\htdocs\belajar\ci4\system\Commands\Server\rewrite.php(34): require_once('C:\\xampp\\htdocs...')
#6 {main}
